(0000) 3000  0011000000000000 (   1)                 .ORIG x3000
(3000) E00B  1110000000001011 (   2)                 LEA   R0 hello
(3001) 1026  0001000000100110 (   3)                 ADD   R0 R0 #6
(3002) E217  1110001000010111 (   4)                 LEA   R1 drc
(3003) 54A0  0101010010100000 (   5)                 AND   R2 R2 #0
(3004) 1642  0001011001000010 (   7) loop            ADD   R3 R1 R2
(3005) 68C0  0110100011000000 (   8)                 LDR   R4 R3 #0
(3006) 1A02  0001101000000010 (   9)                 ADD   R5 R0 R2
(3007) 7940  0111100101000000 (  10)                 STR   R4 R5 #0
(3008) 14A1  0001010010100001 (  12)                 ADD   R2 R2 #1
(3009) 16BB  0001011010111011 (  13)                 ADD   R3 R2 #-5
(300A) 09F9  0000100111111001 (  14)                 BRN   loop
(300B) F025  1111000000100101 (  15)                 TRAP  x25
(300C) 0048  0000000001001000 (  16) hello           .FILL x0048
(300D) 0045  0000000001000101 (  16)                 .FILL x0045
(300E) 004C  0000000001001100 (  16)                 .FILL x004C
(300F) 004C  0000000001001100 (  16)                 .FILL x004C
(3010) 004F  0000000001001111 (  16)                 .FILL x004F
(3011) 0020  0000000000100000 (  16)                 .FILL x0020
(3012) 0057  0000000001010111 (  16)                 .FILL x0057
(3013) 004F  0000000001001111 (  16)                 .FILL x004F
(3014) 0052  0000000001010010 (  16)                 .FILL x0052
(3015) 004C  0000000001001100 (  16)                 .FILL x004C
(3016) 0044  0000000001000100 (  16)                 .FILL x0044
(3017) 0021  0000000000100001 (  16)                 .FILL x0021
(3018) 000A  0000000000001010 (  16)                 .FILL x000A
(3019) 0000  0000000000000000 (  16)                 .FILL x0000
(301A) 0044  0000000001000100 (  17) drc             .FILL x0044
(301B) 0052  0000000001010010 (  17)                 .FILL x0052
(301C) 002E  0000000000101110 (  17)                 .FILL x002E
(301D) 0020  0000000000100000 (  17)                 .FILL x0020
(301E) 0043  0000000001000011 (  17)                 .FILL x0043
(301F) 0000  0000000000000000 (  17)                 .FILL x0000
