(0000) 3000  0011000000000000 (   9)                 .ORIG x3000
(3000) E091  1110000010010001 (  11)                 LEA   R0 STARTS
(3001) F022  1111000000100010 (  12)                 TRAP  x22
(3002) 2C3A  0010110000111010 (  16)                 LD    R6 SP
(3003) 223A  0010001000111010 (  17)                 LD    R1 KBISR
(3004) 243A  0010010000111010 (  18)                 LD    R2 KBISRV
(3005) 7280  0111001010000000 (  19)                 STR   R1 R2 #0
(3006) 223B  0010001000111011 (  25) LOOP            LD    R1 INTEN
(3007) 2438  0010010000111000 (  26)                 LD    R2 KBSR
(3008) 7280  0111001010000000 (  27)                 STR   R1 R2 #0
(3009) A039  1010000000111001 (  32)                 LDI   R0 CHAR
(300A) 05FB  0000010111111011 (  33)                 BRZ   LOOP
(300B) F021  1111000000100001 (  38)                 TRAP  x21
(300C) E238  1110001000111000 (  41)                 LEA   R1 CODE
(300D) 1461  0001010001100001 (  42)                 ADD   R2 R1 #1
(300E) 6480  0110010010000000 (  43)                 LDR   R2 R2 #0
(300F) 7440  0111010001000000 (  44)                 STR   R2 R1 #0
(3010) 1261  0001001001100001 (  46)                 ADD   R1 R1 #1
(3011) 1461  0001010001100001 (  47)                 ADD   R2 R1 #1
(3012) 6480  0110010010000000 (  48)                 LDR   R2 R2 #0
(3013) 7440  0111010001000000 (  49)                 STR   R2 R1 #0
(3014) 1261  0001001001100001 (  51)                 ADD   R1 R1 #1
(3015) 1461  0001010001100001 (  52)                 ADD   R2 R1 #1
(3016) 6480  0110010010000000 (  53)                 LDR   R2 R2 #0
(3017) 7440  0111010001000000 (  54)                 STR   R2 R1 #0
(3018) 1261  0001001001100001 (  56)                 ADD   R1 R1 #1
(3019) 1461  0001010001100001 (  57)                 ADD   R2 R1 #1
(301A) 6480  0110010010000000 (  58)                 LDR   R2 R2 #0
(301B) 7440  0111010001000000 (  59)                 STR   R2 R1 #0
(301C) 1261  0001001001100001 (  61)                 ADD   R1 R1 #1
(301D) 1031  0001000000110001 (  63)                 ADD   R0 R0 #-15
(301E) 1031  0001000000110001 (  64)                 ADD   R0 R0 #-15
(301F) 1031  0001000000110001 (  65)                 ADD   R0 R0 #-15
(3020) 103D  0001000000111101 (  66)                 ADD   R0 R0 #-3
(3021) 7040  0111000001000000 (  68)                 STR   R0 R1 #0
(3022) 4828  0100100000101000 (  70)                 JSR   CHECKAC
(3023) 5020  0101000000100000 (  73)                 AND   R0 R0 #0
(3024) B01E  1011000000011110 (  74)                 STI   R0 CHAR
(3025) 2024  0010000000100100 (  76)                 LD    R0 ACC
(3026) 0204  0000001000000100 (  78)                 BRP   GOTIT
(3027) A01C  1010000000011100 (  80)                 LDI   R0 NUMCHAR
(3028) 1030  0001000000110000 (  81)                 ADD   R0 R0 #-16
(3029) 0408  0000010000001000 (  82)                 BRZ   NO
(302A) 0E10  0000111000010000 (  84)                 BRNZP NEITH
(302B) E064  1110000001100100 (  88) GOTIT           LEA   R0 NL
(302C) F022  1111000000100010 (  89)                 TRAP  x22
(302D) E051  1110000001010001 (  91)                 LEA   R0 GRANTS
(302E) F022  1111000000100010 (  92)                 TRAP  x22
(302F) 5020  0101000000100000 (  94)                 AND   R0 R0 #0
(3030) 3019  0011000000011001 (  95)                 ST    R0 ACC
(3031) 0E05  0000111000000101 (  97)                 BRNZP BOTH
(3032) E05D  1110000001011101 ( 101) NO              LEA   R0 NL
(3033) F022  1111000000100010 ( 102)                 TRAP  x22
(3034) E03A  1110000000111010 ( 104)                 LEA   R0 DENIEDS
(3035) F022  1111000000100010 ( 105)                 TRAP  x22
(3036) 0E00  0000111000000000 ( 109)                 BRNZP BOTH
(3037) E058  1110000001011000 ( 112) BOTH            LEA   R0 NL
(3038) F022  1111000000100010 ( 113)                 TRAP  x22
(3039) 5020  0101000000100000 ( 115)                 AND   R0 R0 #0
(303A) B009  1011000000001001 ( 116)                 STI   R0 NUMCHAR
(303B) 0FCA  0000111111001010 ( 121) NEITH           BRNZP LOOP
(303C) F025  1111000000100101 ( 127)                 TRAP  x25
(303D) F000  1111000000000000 ( 131) SP              .FILL xF000
(303E) A000  1010000000000000 ( 132) KBISR           .FILL xA000
(303F) 0180  0000000110000000 ( 133) KBISRV          .FILL x0180
(3040) FE00  1111111000000000 ( 134) KBSR            .FILL xFE00
(3041) FE02  1111111000000010 ( 135) KBDR            .FILL xFE02
(3042) 4000  0100000000000000 ( 136) INTEN           .FILL x4000
(3043) 8000  1000000000000000 ( 138) CHAR            .FILL x8000
(3044) 8001  1000000000000001 ( 139) NUMCHAR         .FILL x8001
(3045) 0000  0000000000000000 ( 144) CODE            .FILL x0000
(3046) 0000  0000000000000000 ( 144)                 .FILL x0000
(3047) 0000  0000000000000000 ( 144)                 .FILL x0000
(3048) 0000  0000000000000000 ( 144)                 .FILL x0000
(3049) 0000  0000000000000000 ( 144)                 .FILL x0000
(304A) 0000  0000000000000000 ( 144) ACC             .FILL x0000
(304B) 3021  0011000000100001 ( 149) CHECKAC         ST    R0 CHR0
(304C) 3221  0011001000100001 ( 150)                 ST    R1 CHR1
(304D) E3F7  1110001111110111 ( 152)                 LEA   R1 CODE
(304E) 6040  0110000001000000 ( 153)                 LDR   R0 R1 #0
(304F) 103F  0001000000111111 ( 155)                 ADD   R0 R0 #-1
(3050) 0A19  0000101000011001 ( 156)                 BRNP  CHDNE
(3051) 6041  0110000001000001 ( 158)                 LDR   R0 R1 #1
(3052) 103A  0001000000111010 ( 160)                 ADD   R0 R0 #-6
(3053) 0A16  0000101000010110 ( 161)                 BRNP  CHDNE
(3054) 6042  0110000001000010 ( 163)                 LDR   R0 R1 #2
(3055) 103F  0001000000111111 ( 165)                 ADD   R0 R0 #-1
(3056) 0A13  0000101000010011 ( 166)                 BRNP  CHDNE
(3057) 6043  0110000001000011 ( 168)                 LDR   R0 R1 #3
(3058) 0811  0000100000010001 ( 170)                 BRN   CHDNE
(3059) 103F  0001000000111111 ( 171)                 ADD   R0 R0 #-1
(305A) 020F  0000001000001111 ( 172)                 BRP   CHDNE
(305B) 6044  0110000001000100 ( 174)                 LDR   R0 R1 #4
(305C) 080D  0000100000001101 ( 176)                 BRN   CHDNE
(305D) 103F  0001000000111111 ( 177)                 ADD   R0 R0 #-1
(305E) 040B  0000010000001011 ( 178)                 BRZ   CHDNE
(305F) 103F  0001000000111111 ( 179)                 ADD   R0 R0 #-1
(3060) 0409  0000010000001001 ( 180)                 BRZ   CHDNE
(3061) 103F  0001000000111111 ( 181)                 ADD   R0 R0 #-1
(3062) 0407  0000010000000111 ( 182)                 BRZ   CHDNE
(3063) 103F  0001000000111111 ( 183)                 ADD   R0 R0 #-1
(3064) 0405  0000010000000101 ( 184)                 BRZ   CHDNE
(3065) 103F  0001000000111111 ( 185)                 ADD   R0 R0 #-1
(3066) 0203  0000001000000011 ( 186)                 BRP   CHDNE
(3067) 5020  0101000000100000 ( 189)                 AND   R0 R0 #0
(3068) 1021  0001000000100001 ( 190)                 ADD   R0 R0 #1
(3069) 31E0  0011000111100000 ( 191)                 ST    R0 ACC
(306A) 2002  0010000000000010 ( 195) CHDNE           LD    R0 CHR0
(306B) 2202  0010001000000010 ( 196)                 LD    R1 CHR1
(306C) C1C0  1100000111000000 ( 197)                 RET   
(306D) 0000  0000000000000000 ( 200) CHR0            .FILL x0000
(306E) 0000  0000000000000000 ( 202) CHR1            .FILL x0000
(306F) 0041  0000000001000001 ( 202) DENIEDS         .FILL x0041
(3070) 0063  0000000001100011 ( 202)                 .FILL x0063
(3071) 0063  0000000001100011 ( 202)                 .FILL x0063
(3072) 0065  0000000001100101 ( 202)                 .FILL x0065
(3073) 0073  0000000001110011 ( 202)                 .FILL x0073
(3074) 0073  0000000001110011 ( 202)                 .FILL x0073
(3075) 0020  0000000000100000 ( 202)                 .FILL x0020
(3076) 0044  0000000001000100 ( 202)                 .FILL x0044
(3077) 0065  0000000001100101 ( 202)                 .FILL x0065
(3078) 006E  0000000001101110 ( 202)                 .FILL x006E
(3079) 0069  0000000001101001 ( 202)                 .FILL x0069
(307A) 0065  0000000001100101 ( 202)                 .FILL x0065
(307B) 0064  0000000001100100 ( 202)                 .FILL x0064
(307C) 0021  0000000000100001 ( 202)                 .FILL x0021
(307D) 000A  0000000000001010 ( 202)                 .FILL x000A
(307E) 0000  0000000000000000 ( 202)                 .FILL x0000
(307F) 0041  0000000001000001 ( 203) GRANTS          .FILL x0041
(3080) 0063  0000000001100011 ( 203)                 .FILL x0063
(3081) 0063  0000000001100011 ( 203)                 .FILL x0063
(3082) 0065  0000000001100101 ( 203)                 .FILL x0065
(3083) 0073  0000000001110011 ( 203)                 .FILL x0073
(3084) 0073  0000000001110011 ( 203)                 .FILL x0073
(3085) 0020  0000000000100000 ( 203)                 .FILL x0020
(3086) 0047  0000000001000111 ( 203)                 .FILL x0047
(3087) 0072  0000000001110010 ( 203)                 .FILL x0072
(3088) 0061  0000000001100001 ( 203)                 .FILL x0061
(3089) 006E  0000000001101110 ( 203)                 .FILL x006E
(308A) 0074  0000000001110100 ( 203)                 .FILL x0074
(308B) 0065  0000000001100101 ( 203)                 .FILL x0065
(308C) 0064  0000000001100100 ( 203)                 .FILL x0064
(308D) 0021  0000000000100001 ( 203)                 .FILL x0021
(308E) 000A  0000000000001010 ( 203)                 .FILL x000A
(308F) 0000  0000000000000000 ( 203)                 .FILL x0000
(3090) 000A  0000000000001010 ( 204) NL              .FILL x000A
(3091) 0000  0000000000000000 ( 204)                 .FILL x0000
(3092) 004E  0000000001001110 ( 206) STARTS          .FILL x004E
(3093) 0061  0000000001100001 ( 206)                 .FILL x0061
(3094) 006D  0000000001101101 ( 206)                 .FILL x006D
(3095) 0065  0000000001100101 ( 206)                 .FILL x0065
(3096) 003A  0000000000111010 ( 206)                 .FILL x003A
(3097) 0020  0000000000100000 ( 206)                 .FILL x0020
(3098) 0041  0000000001000001 ( 206)                 .FILL x0041
(3099) 006B  0000000001101011 ( 206)                 .FILL x006B
(309A) 0061  0000000001100001 ( 206)                 .FILL x0061
(309B) 0072  0000000001110010 ( 206)                 .FILL x0072
(309C) 0073  0000000001110011 ( 206)                 .FILL x0073
(309D) 0068  0000000001101000 ( 206)                 .FILL x0068
(309E) 0020  0000000000100000 ( 206)                 .FILL x0020
(309F) 004B  0000000001001011 ( 206)                 .FILL x004B
(30A0) 0075  0000000001110101 ( 206)                 .FILL x0075
(30A1) 006D  0000000001101101 ( 206)                 .FILL x006D
(30A2) 0061  0000000001100001 ( 206)                 .FILL x0061
(30A3) 0072  0000000001110010 ( 206)                 .FILL x0072
(30A4) 000A  0000000000001010 ( 206)                 .FILL x000A
(30A5) 0045  0000000001000101 ( 206)                 .FILL x0045
(30A6) 0049  0000000001001001 ( 206)                 .FILL x0049
(30A7) 0044  0000000001000100 ( 206)                 .FILL x0044
(30A8) 003A  0000000000111010 ( 206)                 .FILL x003A
(30A9) 0020  0000000000100000 ( 206)                 .FILL x0020
(30AA) 0061  0000000001100001 ( 206)                 .FILL x0061
(30AB) 006B  0000000001101011 ( 206)                 .FILL x006B
(30AC) 0033  0000000000110011 ( 206)                 .FILL x0033
(30AD) 0039  0000000000111001 ( 206)                 .FILL x0039
(30AE) 0039  0000000000111001 ( 206)                 .FILL x0039
(30AF) 0036  0000000000110110 ( 206)                 .FILL x0036
(30B0) 0039  0000000000111001 ( 206)                 .FILL x0039
(30B1) 000A  0000000000001010 ( 206)                 .FILL x000A
(30B2) 0044  0000000001000100 ( 206)                 .FILL x0044
(30B3) 0061  0000000001100001 ( 206)                 .FILL x0061
(30B4) 0074  0000000001110100 ( 206)                 .FILL x0074
(30B5) 0065  0000000001100101 ( 206)                 .FILL x0065
(30B6) 003A  0000000000111010 ( 206)                 .FILL x003A
(30B7) 0020  0000000000100000 ( 206)                 .FILL x0020
(30B8) 0031  0000000000110001 ( 206)                 .FILL x0031
(30B9) 0032  0000000000110010 ( 206)                 .FILL x0032
(30BA) 002F  0000000000101111 ( 206)                 .FILL x002F
(30BB) 0039  0000000000111001 ( 206)                 .FILL x0039
(30BC) 002F  0000000000101111 ( 206)                 .FILL x002F
(30BD) 0032  0000000000110010 ( 206)                 .FILL x0032
(30BE) 0030  0000000000110000 ( 206)                 .FILL x0030
(30BF) 0031  0000000000110001 ( 206)                 .FILL x0031
(30C0) 0038  0000000000111000 ( 206)                 .FILL x0038
(30C1) 000A  0000000000001010 ( 206)                 .FILL x000A
(30C2) 0054  0000000001010100 ( 206)                 .FILL x0054
(30C3) 0069  0000000001101001 ( 206)                 .FILL x0069
(30C4) 0074  0000000001110100 ( 206)                 .FILL x0074
(30C5) 006C  0000000001101100 ( 206)                 .FILL x006C
(30C6) 0065  0000000001100101 ( 206)                 .FILL x0065
(30C7) 003A  0000000000111010 ( 206)                 .FILL x003A
(30C8) 0020  0000000000100000 ( 206)                 .FILL x0020
(30C9) 0049  0000000001001001 ( 206)                 .FILL x0049
(30CA) 0044  0000000001000100 ( 206)                 .FILL x0044
(30CB) 0020  0000000000100000 ( 206)                 .FILL x0020
(30CC) 0043  0000000001000011 ( 206)                 .FILL x0043
(30CD) 0061  0000000001100001 ( 206)                 .FILL x0061
(30CE) 0072  0000000001110010 ( 206)                 .FILL x0072
(30CF) 0064  0000000001100100 ( 206)                 .FILL x0064
(30D0) 0020  0000000000100000 ( 206)                 .FILL x0020
(30D1) 0044  0000000001000100 ( 206)                 .FILL x0044
(30D2) 0061  0000000001100001 ( 206)                 .FILL x0061
(30D3) 0074  0000000001110100 ( 206)                 .FILL x0074
(30D4) 0061  0000000001100001 ( 206)                 .FILL x0061
(30D5) 0020  0000000000100000 ( 206)                 .FILL x0020
(30D6) 0050  0000000001010000 ( 206)                 .FILL x0050
(30D7) 0061  0000000001100001 ( 206)                 .FILL x0061
(30D8) 0072  0000000001110010 ( 206)                 .FILL x0072
(30D9) 0073  0000000001110011 ( 206)                 .FILL x0073
(30DA) 0065  0000000001100101 ( 206)                 .FILL x0065
(30DB) 0072  0000000001110010 ( 206)                 .FILL x0072
(30DC) 000A  0000000000001010 ( 206)                 .FILL x000A
(30DD) 000A  0000000000001010 ( 206)                 .FILL x000A
(30DE) 0000  0000000000000000 ( 206)                 .FILL x0000
