(0000) 3000  0011000000000000 (  18)                 .ORIG x3000
(3000) 48AF  0100100010101111 (  23)                 JSR   DISPLAY_BOARD
(3001) E016  1110000000010110 (  24)                 LEA   R0 BOARD_INITIAL
(3002) F022  1111000000100010 (  25)                 TRAP  x22
(3003) A024  1010000000100100 (  26)                 LDI   R0 BLOCKS
(3004) 48F0  0100100011110000 (  27)                 JSR   LOAD_BOARD
(3005) 48AA  0100100010101010 (  28)                 JSR   DISPLAY_BOARD
(3006) E002  1110000000000010 (  29)                 LEA   R0 BOARD_LOADED
(3007) F022  1111000000100010 (  30)                 TRAP  x22
(3008) F025  1111000000100101 (  39)                 TRAP  x25
(3009) 000A  0000000000001010 (  40) BOARD_LOADED    .FILL x000A
(300A) 0042  0000000001000010 (  40)                 .FILL x0042
(300B) 006F  0000000001101111 (  40)                 .FILL x006F
(300C) 0061  0000000001100001 (  40)                 .FILL x0061
(300D) 0072  0000000001110010 (  40)                 .FILL x0072
(300E) 0064  0000000001100100 (  40)                 .FILL x0064
(300F) 0020  0000000000100000 (  40)                 .FILL x0020
(3010) 004C  0000000001001100 (  40)                 .FILL x004C
(3011) 006F  0000000001101111 (  40)                 .FILL x006F
(3012) 0061  0000000001100001 (  40)                 .FILL x0061
(3013) 0064  0000000001100100 (  40)                 .FILL x0064
(3014) 0065  0000000001100101 (  40)                 .FILL x0065
(3015) 0064  0000000001100100 (  40)                 .FILL x0064
(3016) 000A  0000000000001010 (  40)                 .FILL x000A
(3017) 0000  0000000000000000 (  40)                 .FILL x0000
(3018) 000A  0000000000001010 (  41) BOARD_INITIAL   .FILL x000A
(3019) 0042  0000000001000010 (  41)                 .FILL x0042
(301A) 006F  0000000001101111 (  41)                 .FILL x006F
(301B) 0061  0000000001100001 (  41)                 .FILL x0061
(301C) 0072  0000000001110010 (  41)                 .FILL x0072
(301D) 0064  0000000001100100 (  41)                 .FILL x0064
(301E) 0020  0000000000100000 (  41)                 .FILL x0020
(301F) 0049  0000000001001001 (  41)                 .FILL x0049
(3020) 006E  0000000001101110 (  41)                 .FILL x006E
(3021) 0069  0000000001101001 (  41)                 .FILL x0069
(3022) 0074  0000000001110100 (  41)                 .FILL x0074
(3023) 0069  0000000001101001 (  41)                 .FILL x0069
(3024) 0061  0000000001100001 (  41)                 .FILL x0061
(3025) 006C  0000000001101100 (  41)                 .FILL x006C
(3026) 000A  0000000000001010 (  41)                 .FILL x000A
(3027) 0000  0000000000000000 (  41)                 .FILL x0000
(3028) 6000  0110000000000000 (  42) BLOCKS          .FILL x6000
(3029) 0000  0000000000000000 (  51) SCORE           .FILL x0000
(302A) 002B  0000000000101011 (  51) GRID            .FILL x002B
(302B) 002D  0000000000101101 (  51)                 .FILL x002D
(302C) 002B  0000000000101011 (  51)                 .FILL x002B
(302D) 002D  0000000000101101 (  51)                 .FILL x002D
(302E) 002B  0000000000101011 (  51)                 .FILL x002B
(302F) 002D  0000000000101101 (  51)                 .FILL x002D
(3030) 002B  0000000000101011 (  51)                 .FILL x002B
(3031) 002D  0000000000101101 (  51)                 .FILL x002D
(3032) 002B  0000000000101011 (  51)                 .FILL x002B
(3033) 0000  0000000000000000 (  51)                 .FILL x0000
(3034) 007C  0000000001111100 (  52) ROW0            .FILL x007C
(3035) 0020  0000000000100000 (  52)                 .FILL x0020
(3036) 007C  0000000001111100 (  52)                 .FILL x007C
(3037) 0020  0000000000100000 (  52)                 .FILL x0020
(3038) 007C  0000000001111100 (  52)                 .FILL x007C
(3039) 0020  0000000000100000 (  52)                 .FILL x0020
(303A) 007C  0000000001111100 (  52)                 .FILL x007C
(303B) 0020  0000000000100000 (  52)                 .FILL x0020
(303C) 007C  0000000001111100 (  52)                 .FILL x007C
(303D) 0000  0000000000000000 (  52)                 .FILL x0000
(303E) 002B  0000000000101011 (  53)                 .FILL x002B
(303F) 002D  0000000000101101 (  53)                 .FILL x002D
(3040) 002B  0000000000101011 (  53)                 .FILL x002B
(3041) 002D  0000000000101101 (  53)                 .FILL x002D
(3042) 002B  0000000000101011 (  53)                 .FILL x002B
(3043) 002D  0000000000101101 (  53)                 .FILL x002D
(3044) 002B  0000000000101011 (  53)                 .FILL x002B
(3045) 002D  0000000000101101 (  53)                 .FILL x002D
(3046) 002B  0000000000101011 (  53)                 .FILL x002B
(3047) 0000  0000000000000000 (  53)                 .FILL x0000
(3048) 007C  0000000001111100 (  54) ROW1            .FILL x007C
(3049) 0020  0000000000100000 (  54)                 .FILL x0020
(304A) 007C  0000000001111100 (  54)                 .FILL x007C
(304B) 0020  0000000000100000 (  54)                 .FILL x0020
(304C) 007C  0000000001111100 (  54)                 .FILL x007C
(304D) 0020  0000000000100000 (  54)                 .FILL x0020
(304E) 007C  0000000001111100 (  54)                 .FILL x007C
(304F) 0020  0000000000100000 (  54)                 .FILL x0020
(3050) 007C  0000000001111100 (  54)                 .FILL x007C
(3051) 0000  0000000000000000 (  54)                 .FILL x0000
(3052) 002B  0000000000101011 (  55)                 .FILL x002B
(3053) 002D  0000000000101101 (  55)                 .FILL x002D
(3054) 002B  0000000000101011 (  55)                 .FILL x002B
(3055) 002D  0000000000101101 (  55)                 .FILL x002D
(3056) 002B  0000000000101011 (  55)                 .FILL x002B
(3057) 002D  0000000000101101 (  55)                 .FILL x002D
(3058) 002B  0000000000101011 (  55)                 .FILL x002B
(3059) 002D  0000000000101101 (  55)                 .FILL x002D
(305A) 002B  0000000000101011 (  55)                 .FILL x002B
(305B) 0000  0000000000000000 (  55)                 .FILL x0000
(305C) 007C  0000000001111100 (  56) ROW2            .FILL x007C
(305D) 0020  0000000000100000 (  56)                 .FILL x0020
(305E) 007C  0000000001111100 (  56)                 .FILL x007C
(305F) 0020  0000000000100000 (  56)                 .FILL x0020
(3060) 007C  0000000001111100 (  56)                 .FILL x007C
(3061) 0020  0000000000100000 (  56)                 .FILL x0020
(3062) 007C  0000000001111100 (  56)                 .FILL x007C
(3063) 0020  0000000000100000 (  56)                 .FILL x0020
(3064) 007C  0000000001111100 (  56)                 .FILL x007C
(3065) 0000  0000000000000000 (  56)                 .FILL x0000
(3066) 002B  0000000000101011 (  57)                 .FILL x002B
(3067) 002D  0000000000101101 (  57)                 .FILL x002D
(3068) 002B  0000000000101011 (  57)                 .FILL x002B
(3069) 002D  0000000000101101 (  57)                 .FILL x002D
(306A) 002B  0000000000101011 (  57)                 .FILL x002B
(306B) 002D  0000000000101101 (  57)                 .FILL x002D
(306C) 002B  0000000000101011 (  57)                 .FILL x002B
(306D) 002D  0000000000101101 (  57)                 .FILL x002D
(306E) 002B  0000000000101011 (  57)                 .FILL x002B
(306F) 0000  0000000000000000 (  57)                 .FILL x0000
(3070) 007C  0000000001111100 (  58) ROW3            .FILL x007C
(3071) 0020  0000000000100000 (  58)                 .FILL x0020
(3072) 007C  0000000001111100 (  58)                 .FILL x007C
(3073) 0020  0000000000100000 (  58)                 .FILL x0020
(3074) 007C  0000000001111100 (  58)                 .FILL x007C
(3075) 0020  0000000000100000 (  58)                 .FILL x0020
(3076) 007C  0000000001111100 (  58)                 .FILL x007C
(3077) 0020  0000000000100000 (  58)                 .FILL x0020
(3078) 007C  0000000001111100 (  58)                 .FILL x007C
(3079) 0000  0000000000000000 (  58)                 .FILL x0000
(307A) 002B  0000000000101011 (  59)                 .FILL x002B
(307B) 002D  0000000000101101 (  59)                 .FILL x002D
(307C) 002B  0000000000101011 (  59)                 .FILL x002B
(307D) 002D  0000000000101101 (  59)                 .FILL x002D
(307E) 002B  0000000000101011 (  59)                 .FILL x002B
(307F) 002D  0000000000101101 (  59)                 .FILL x002D
(3080) 002B  0000000000101011 (  59)                 .FILL x002B
(3081) 002D  0000000000101101 (  59)                 .FILL x002D
(3082) 002B  0000000000101011 (  59)                 .FILL x002B
(3083) 0000  0000000000000000 (  59)                 .FILL x0000
(3084) 3E10  0011111000010000 (  88) GRID_ADDRESS    ST    R7 R7VGA
(3085) E1AE  1110000110101110 (  90)                 LEA   R0 ROW0
(3086) 1021  0001000000100001 (  91)                 ADD   R0 R0 #1
(3087) 300C  0011000000001100 (  93)                 ST    R0 R0VGA
(3088) 5020  0101000000100000 (  96)                 AND   R0 R0 #0
(3089) 102A  0001000000101010 (  97)                 ADD   R0 R0 #10
(308A) 102A  0001000000101010 (  98)                 ADD   R0 R0 #10
(308B) 48FC  0100100011111100 (  99)                 JSR   mulP
(308C) 5260  0101001001100000 ( 100)                 AND   R1 R1 #0
(308D) 1240  0001001001000000 ( 101)                 ADD   R1 R1 R0
(308E) 1482  0001010010000010 ( 104)                 ADD   R2 R2 R2
(308F) 2004  0010000000000100 ( 106)                 LD    R0 R0VGA
(3090) 1001  0001000000000001 ( 107)                 ADD   R0 R0 R1
(3091) 1002  0001000000000010 ( 108)                 ADD   R0 R0 R2
(3092) 2E02  0010111000000010 ( 111)                 LD    R7 R7VGA
(3093) C1C0  1100000111000000 ( 112)                 RET   
(3094) 0000  0000000000000000 ( 115) R0VGA           .FILL x0000
(3095) 0000  0000000000000000 ( 126) R7VGA           .FILL x0000
(3096) 000A  0000000000001010 ( 126) NLCHAR          .FILL x000A
(3097) 0020  0000000000100000 ( 128) EMPSTR          .FILL x0020
(3098) 0020  0000000000100000 ( 128)                 .FILL x0020
(3099) 0000  0000000000000000 ( 128)                 .FILL x0000
(309A) 0020  0000000000100000 ( 129) COLSTR          .FILL x0020
(309B) 0030  0000000000110000 ( 129)                 .FILL x0030
(309C) 0020  0000000000100000 ( 129)                 .FILL x0020
(309D) 0031  0000000000110001 ( 129)                 .FILL x0031
(309E) 0020  0000000000100000 ( 129)                 .FILL x0020
(309F) 0032  0000000000110010 ( 129)                 .FILL x0032
(30A0) 0020  0000000000100000 ( 129)                 .FILL x0020
(30A1) 0033  0000000000110011 ( 129)                 .FILL x0033
(30A2) 0020  0000000000100000 ( 129)                 .FILL x0020
(30A3) 0000  0000000000000000 ( 129)                 .FILL x0000
(30A4) 0030  0000000000110000 ( 130) ROWSTR0         .FILL x0030
(30A5) 0020  0000000000100000 ( 130)                 .FILL x0020
(30A6) 0000  0000000000000000 ( 130)                 .FILL x0000
(30A7) 0031  0000000000110001 ( 131) ROWSTR1         .FILL x0031
(30A8) 0020  0000000000100000 ( 131)                 .FILL x0020
(30A9) 0000  0000000000000000 ( 131)                 .FILL x0000
(30AA) 0032  0000000000110010 ( 132) ROWSTR2         .FILL x0032
(30AB) 0020  0000000000100000 ( 132)                 .FILL x0020
(30AC) 0000  0000000000000000 ( 132)                 .FILL x0000
(30AD) 0033  0000000000110011 ( 133) ROWSTR3         .FILL x0033
(30AE) 0020  0000000000100000 ( 133)                 .FILL x0020
(30AF) 0000  0000000000000000 ( 133)                 .FILL x0000
(30B0) 3042  0011000001000010 ( 136) DISPLAY_BOARD   ST    R0 R0VDIS
(30B1) 3E42  0011111001000010 ( 137)                 ST    R7 R7VDIS
(30B2) 21E3  0010000111100011 ( 139)                 LD    R0 NLCHAR
(30B3) F021  1111000000100001 ( 140)                 TRAP  x21
(30B4) E1E2  1110000111100010 ( 142)                 LEA   R0 EMPSTR
(30B5) F022  1111000000100010 ( 143)                 TRAP  x22
(30B6) E1E3  1110000111100011 ( 145)                 LEA   R0 COLSTR
(30B7) F022  1111000000100010 ( 146)                 TRAP  x22
(30B8) 21DD  0010000111011101 ( 148)                 LD    R0 NLCHAR
(30B9) F021  1111000000100001 ( 149)                 TRAP  x21
(30BA) E1DC  1110000111011100 ( 151)                 LEA   R0 EMPSTR
(30BB) F022  1111000000100010 ( 152)                 TRAP  x22
(30BC) E16D  1110000101101101 ( 154)                 LEA   R0 GRID
(30BD) F022  1111000000100010 ( 155)                 TRAP  x22
(30BE) 21D7  0010000111010111 ( 157)                 LD    R0 NLCHAR
(30BF) F021  1111000000100001 ( 158)                 TRAP  x21
(30C0) E1E3  1110000111100011 ( 160)                 LEA   R0 ROWSTR0
(30C1) F022  1111000000100010 ( 161)                 TRAP  x22
(30C2) E171  1110000101110001 ( 163)                 LEA   R0 ROW0
(30C3) F022  1111000000100010 ( 164)                 TRAP  x22
(30C4) 21D1  0010000111010001 ( 166)                 LD    R0 NLCHAR
(30C5) F021  1111000000100001 ( 167)                 TRAP  x21
(30C6) E1D0  1110000111010000 ( 169)                 LEA   R0 EMPSTR
(30C7) F022  1111000000100010 ( 170)                 TRAP  x22
(30C8) E161  1110000101100001 ( 172)                 LEA   R0 GRID
(30C9) F022  1111000000100010 ( 173)                 TRAP  x22
(30CA) 21CB  0010000111001011 ( 175)                 LD    R0 NLCHAR
(30CB) F021  1111000000100001 ( 176)                 TRAP  x21
(30CC) E1DA  1110000111011010 ( 178)                 LEA   R0 ROWSTR1
(30CD) F022  1111000000100010 ( 179)                 TRAP  x22
(30CE) E179  1110000101111001 ( 181)                 LEA   R0 ROW1
(30CF) F022  1111000000100010 ( 182)                 TRAP  x22
(30D0) 21C5  0010000111000101 ( 184)                 LD    R0 NLCHAR
(30D1) F021  1111000000100001 ( 185)                 TRAP  x21
(30D2) E1C4  1110000111000100 ( 187)                 LEA   R0 EMPSTR
(30D3) F022  1111000000100010 ( 188)                 TRAP  x22
(30D4) E155  1110000101010101 ( 190)                 LEA   R0 GRID
(30D5) F022  1111000000100010 ( 191)                 TRAP  x22
(30D6) 21BF  0010000110111111 ( 193)                 LD    R0 NLCHAR
(30D7) F021  1111000000100001 ( 194)                 TRAP  x21
(30D8) E1D1  1110000111010001 ( 196)                 LEA   R0 ROWSTR2
(30D9) F022  1111000000100010 ( 197)                 TRAP  x22
(30DA) E181  1110000110000001 ( 199)                 LEA   R0 ROW2
(30DB) F022  1111000000100010 ( 200)                 TRAP  x22
(30DC) 21B9  0010000110111001 ( 202)                 LD    R0 NLCHAR
(30DD) F021  1111000000100001 ( 203)                 TRAP  x21
(30DE) E1B8  1110000110111000 ( 205)                 LEA   R0 EMPSTR
(30DF) F022  1111000000100010 ( 206)                 TRAP  x22
(30E0) E149  1110000101001001 ( 208)                 LEA   R0 GRID
(30E1) F022  1111000000100010 ( 209)                 TRAP  x22
(30E2) 21B3  0010000110110011 ( 211)                 LD    R0 NLCHAR
(30E3) F021  1111000000100001 ( 212)                 TRAP  x21
(30E4) E1C8  1110000111001000 ( 214)                 LEA   R0 ROWSTR3
(30E5) F022  1111000000100010 ( 215)                 TRAP  x22
(30E6) E189  1110000110001001 ( 217)                 LEA   R0 ROW3
(30E7) F022  1111000000100010 ( 218)                 TRAP  x22
(30E8) 21AD  0010000110101101 ( 220)                 LD    R0 NLCHAR
(30E9) F021  1111000000100001 ( 221)                 TRAP  x21
(30EA) E1AC  1110000110101100 ( 223)                 LEA   R0 EMPSTR
(30EB) F022  1111000000100010 ( 224)                 TRAP  x22
(30EC) E13D  1110000100111101 ( 226)                 LEA   R0 GRID
(30ED) F022  1111000000100010 ( 227)                 TRAP  x22
(30EE) 21A7  0010000110100111 ( 229)                 LD    R0 NLCHAR
(30EF) F021  1111000000100001 ( 230)                 TRAP  x21
(30F0) 2002  0010000000000010 ( 233)                 LD    R0 R0VDIS
(30F1) 2E02  0010111000000010 ( 234)                 LD    R7 R7VDIS
(30F2) C1C0  1100000111000000 ( 235)                 RET   
(30F3) 0000  0000000000000000 ( 237) R0VDIS          .FILL x0000
(30F4) 0000  0000000000000000 ( 256) R7VDIS          .FILL x0000
(30F5) 3042  0011000001000010 ( 257) LOAD_BOARD      ST    R0 R0VLB
(30F6) 3242  0011001001000010 ( 258)                 ST    R1 R1VLB
(30F7) 3443  0011010001000011 ( 259)                 ST    R2 R2VLB
(30F8) 3644  0011011001000100 ( 260)                 ST    R3 R3VLB
(30F9) 3844  0011100001000100 ( 261)                 ST    R4 R4VLB
(30FA) 3A44  0011101001000100 ( 262)                 ST    R5 R5VLB
(30FB) 3C44  0011110001000100 ( 263)                 ST    R6 R6VLB
(30FC) 3E44  0011111001000100 ( 264)                 ST    R7 R7VLB
(30FD) 5260  0101001001100000 ( 266)                 AND   R1 R1 #0
(30FE) 54A0  0101010010100000 ( 267)                 AND   R2 R2 #0
(30FF) 56E0  0101011011100000 ( 268)                 AND   R3 R3 #0
(3100) 5920  0101100100100000 ( 269)                 AND   R4 R4 #0
(3101) 5B60  0101101101100000 ( 270)                 AND   R5 R5 #0
(3102) 5DA0  0101110110100000 ( 271)                 AND   R6 R6 #0
(3103) 5FE0  0101111111100000 ( 272)                 AND   R7 R7 #0
(3104) 54A0  0101010010100000 ( 277) lprowLB         AND   R2 R2 #0
(3105) 3032  0011000000110010 ( 280) lpcolLB         ST    R0 R0VLB
(3106) 3233  0011001000110011 ( 281)                 ST    R1 R1VLB1
(3107) 3434  0011010000110100 ( 282)                 ST    R2 R2VLB1
(3108) 4F7B  0100111101111011 ( 284)                 JSR   GRID_ADDRESS
(3109) 56E0  0101011011100000 ( 286)                 AND   R3 R3 #0
(310A) 16C0  0001011011000000 ( 287)                 ADD   R3 R3 R0
(310B) 202C  0010000000101100 ( 290)                 LD    R0 R0VLB
(310C) 222D  0010001000101101 ( 291)                 LD    R1 R1VLB1
(310D) 242E  0010010000101110 ( 292)                 LD    R2 R2VLB1
(310E) 4833  0100100000110011 ( 294)                 JSR   COUNT_BOMBS
(310F) 5920  0101100100100000 ( 296)                 AND   R4 R4 #0
(3110) 1020  0001000000100000 ( 298)                 ADD   R0 R0 #0
(3111) 0205  0000001000000101 ( 299)                 BRP   notbLB
(3112) 040A  0000010000001010 ( 300)                 BRZ   eLB
(3113) 192F  0001100100101111 ( 302)                 ADD   R4 R4 #15
(3114) 192F  0001100100101111 ( 303)                 ADD   R4 R4 #15
(3115) 192C  0001100100101100 ( 304)                 ADD   R4 R4 #12
(3116) 0E0A  0000111000001010 ( 305)                 BRNZP writeLB
(3117) 192F  0001100100101111 ( 309) notbLB          ADD   R4 R4 #15
(3118) 192F  0001100100101111 ( 310)                 ADD   R4 R4 #15
(3119) 192F  0001100100101111 ( 311)                 ADD   R4 R4 #15
(311A) 1923  0001100100100011 ( 312)                 ADD   R4 R4 #3
(311B) 1900  0001100100000000 ( 314)                 ADD   R4 R4 R0
(311C) 0E04  0000111000000100 ( 316)                 BRNZP writeLB
(311D) 192F  0001100100101111 ( 319) eLB             ADD   R4 R4 #15
(311E) 192F  0001100100101111 ( 320)                 ADD   R4 R4 #15
(311F) 1922  0001100100100010 ( 321)                 ADD   R4 R4 #2
(3120) 0E00  0000111000000000 ( 323)                 BRNZP writeLB
(3121) 78C0  0111100011000000 ( 327) writeLB         STR   R4 R3 #0
(3122) 2015  0010000000010101 ( 329)                 LD    R0 R0VLB
(3123) 2216  0010001000010110 ( 331)                 LD    R1 R1VLB1
(3124) 2417  0010010000010111 ( 332)                 LD    R2 R2VLB1
(3125) 14A1  0001010010100001 ( 334)                 ADD   R2 R2 #1
(3126) 14BC  0001010010111100 ( 335)                 ADD   R2 R2 #-4
(3127) 0402  0000010000000010 ( 336)                 BRZ   endcLB
(3128) 14A4  0001010010100100 ( 337)                 ADD   R2 R2 #4
(3129) 0FDB  0000111111011011 ( 338)                 BRNZP lpcolLB
(312A) 1261  0001001001100001 ( 341) endcLB          ADD   R1 R1 #1
(312B) 127C  0001001001111100 ( 343)                 ADD   R1 R1 #-4
(312C) 0402  0000010000000010 ( 344)                 BRZ   endrLB
(312D) 1264  0001001001100100 ( 345)                 ADD   R1 R1 #4
(312E) 0FD5  0000111111010101 ( 346)                 BRNZP lprowLB
(312F) 2008  0010000000001000 ( 352) endrLB          LD    R0 R0VLB
(3130) 2208  0010001000001000 ( 353)                 LD    R1 R1VLB
(3131) 2409  0010010000001001 ( 354)                 LD    R2 R2VLB
(3132) 260A  0010011000001010 ( 355)                 LD    R3 R3VLB
(3133) 280A  0010100000001010 ( 356)                 LD    R4 R4VLB
(3134) 2A0A  0010101000001010 ( 357)                 LD    R5 R5VLB
(3135) 2C0A  0010110000001010 ( 358)                 LD    R6 R6VLB
(3136) 2E0A  0010111000001010 ( 359)                 LD    R7 R7VLB
(3137) C1C0  1100000111000000 ( 361)                 RET   
(3138) 0000  0000000000000000 ( 364) R0VLB           .FILL x0000
(3139) 0000  0000000000000000 ( 365) R1VLB           .FILL x0000
(313A) 0000  0000000000000000 ( 366) R1VLB1          .FILL x0000
(313B) 0000  0000000000000000 ( 367) R2VLB           .FILL x0000
(313C) 0000  0000000000000000 ( 368) R2VLB1          .FILL x0000
(313D) 0000  0000000000000000 ( 369) R3VLB           .FILL x0000
(313E) 0000  0000000000000000 ( 370) R4VLB           .FILL x0000
(313F) 0000  0000000000000000 ( 371) R5VLB           .FILL x0000
(3140) 0000  0000000000000000 ( 372) R6VLB           .FILL x0000
(3141) 0000  0000000000000000 ( 397) R7VLB           .FILL x0000
(3142) 303D  0011000000111101 ( 398) COUNT_BOMBS     ST    R0 R0VCB
(3143) 323D  0011001000111101 ( 399)                 ST    R1 R1VCB
(3144) 343D  0011010000111101 ( 400)                 ST    R2 R2VCB
(3145) 363D  0011011000111101 ( 401)                 ST    R3 R3VCB
(3146) 383D  0011100000111101 ( 402)                 ST    R4 R4VCB
(3147) 3A3D  0011101000111101 ( 403)                 ST    R5 R5VCB
(3148) 3C3D  0011110000111101 ( 404)                 ST    R6 R6VCB
(3149) 3E3D  0011111000111101 ( 405)                 ST    R7 R7VCB
(314A) 56E0  0101011011100000 ( 407)                 AND   R3 R3 #0
(314B) 5920  0101100100100000 ( 408)                 AND   R4 R4 #0
(314C) 5B60  0101101101100000 ( 409)                 AND   R5 R5 #0
(314D) 5DA0  0101110110100000 ( 410)                 AND   R6 R6 #0
(314E) 5FE0  0101111111100000 ( 411)                 AND   R7 R7 #0
(314F) 1020  0001000000100000 ( 414) loopCB          ADD   R0 R0 #0
(3150) 0425  0000010000100101 ( 415)                 BRZ   dCB
(3151) 6600  0110011000000000 ( 417)                 LDR   R3 R0 #0
(3152) 6801  0110100000000001 ( 418)                 LDR   R4 R0 #1
(3153) 96FF  1001011011111111 ( 420)                 NOT   R3 R3
(3154) 16E1  0001011011100001 ( 421)                 ADD   R3 R3 #1
(3155) 993F  1001100100111111 ( 423)                 NOT   R4 R4
(3156) 1921  0001100100100001 ( 424)                 ADD   R4 R4 #1
(3157) 1643  0001011001000011 ( 426)                 ADD   R3 R1 R3
(3158) 1884  0001100010000100 ( 427)                 ADD   R4 R2 R4
(3159) 3026  0011000000100110 ( 429)                 ST    R0 R0VCB
(315A) 3226  0011001000100110 ( 430)                 ST    R1 R1VCB
(315B) 3426  0011010000100110 ( 431)                 ST    R2 R2VCB
(315C) 5020  0101000000100000 ( 433)                 AND   R0 R0 #0
(315D) 10E0  0001000011100000 ( 434)                 ADD   R0 R3 #0
(315E) 5260  0101001001100000 ( 435)                 AND   R1 R1 #0
(315F) 1320  0001001100100000 ( 436)                 ADD   R1 R4 #0
(3160) 483D  0100100000111101 ( 438)                 JSR   sgnP
(3161) 56E0  0101011011100000 ( 440)                 AND   R3 R3 #0
(3162) 1620  0001011000100000 ( 441)                 ADD   R3 R0 #0
(3163) 5920  0101100100100000 ( 442)                 AND   R4 R4 #0
(3164) 1860  0001100001100000 ( 443)                 ADD   R4 R1 #0
(3165) 201A  0010000000011010 ( 445)                 LD    R0 R0VCB
(3166) 221A  0010001000011010 ( 446)                 LD    R1 R1VCB
(3167) 241A  0010010000011010 ( 447)                 LD    R2 R2VCB
(3168) 16E0  0001011011100000 ( 453)                 ADD   R3 R3 #0
(3169) 0A05  0000101000000101 ( 454)                 BRNP  notbCB
(316A) 1920  0001100100100000 ( 455)                 ADD   R4 R4 #0
(316B) 0A03  0000101000000011 ( 456)                 BRNP  notbCB
(316C) 5B60  0101101101100000 ( 458)                 AND   R5 R5 #0
(316D) 1B7F  0001101101111111 ( 459)                 ADD   R5 R5 #-1
(316E) 0E07  0000111000000111 ( 460)                 BRNZP dCB
(316F) 16FE  0001011011111110 ( 464) notbCB          ADD   R3 R3 #-2
(3170) 0603  0000011000000011 ( 465)                 BRZP  notnCB
(3171) 193E  0001100100111110 ( 466)                 ADD   R4 R4 #-2
(3172) 0601  0000011000000001 ( 467)                 BRZP  notnCB
(3173) 1B61  0001101101100001 ( 469)                 ADD   R5 R5 #1
(3174) 6002  0110000000000010 ( 473) notnCB          LDR   R0 R0 #2
(3175) 0FD9  0000111111011001 ( 474)                 BRNZP loopCB
(3176) 5020  0101000000100000 ( 477) dCB             AND   R0 R0 #0
(3177) 1160  0001000101100000 ( 478)                 ADD   R0 R5 #0
(3178) 2208  0010001000001000 ( 480)                 LD    R1 R1VCB
(3179) 2408  0010010000001000 ( 481)                 LD    R2 R2VCB
(317A) 2608  0010011000001000 ( 482)                 LD    R3 R3VCB
(317B) 2808  0010100000001000 ( 483)                 LD    R4 R4VCB
(317C) 2A08  0010101000001000 ( 484)                 LD    R5 R5VCB
(317D) 2C08  0010110000001000 ( 485)                 LD    R6 R6VCB
(317E) 2E08  0010111000001000 ( 486)                 LD    R7 R7VCB
(317F) C1C0  1100000111000000 ( 488)                 RET   
(3180) 0000  0000000000000000 ( 491) R0VCB           .FILL x0000
(3181) 0000  0000000000000000 ( 492) R1VCB           .FILL x0000
(3182) 0000  0000000000000000 ( 493) R2VCB           .FILL x0000
(3183) 0000  0000000000000000 ( 494) R3VCB           .FILL x0000
(3184) 0000  0000000000000000 ( 495) R4VCB           .FILL x0000
(3185) 0000  0000000000000000 ( 496) R5VCB           .FILL x0000
(3186) 0000  0000000000000000 ( 497) R6VCB           .FILL x0000
(3187) 0000  0000000000000000 ( 505) R7VCB           .FILL x0000
(3188) 3412  0011010000010010 ( 506) mulP            ST    R2 R2VMUL
(3189) 3612  0011011000010010 ( 507)                 ST    R3 R3VMUL
(318A) 3E12  0011111000010010 ( 508)                 ST    R7 R7VMUL
(318B) 4812  0100100000010010 ( 509)                 JSR   sgnP
(318C) 1620  0001011000100000 ( 514) mulret          ADD   R3 R0 #0
(318D) 5020  0101000000100000 ( 515)                 AND   R0 R0 #0
(318E) 1260  0001001001100000 ( 519) loopmul         ADD   R1 R1 #0
(318F) 0403  0000010000000011 ( 520)                 BRZ   dmul1
(3190) 1003  0001000000000011 ( 522)                 ADD   R0 R0 R3
(3191) 127F  0001001001111111 ( 523)                 ADD   R1 R1 #-1
(3192) 0FFB  0000111111111011 ( 525)                 BRNZP loopmul
(3193) 14A0  0001010010100000 ( 528) dmul1           ADD   R2 R2 #0
(3194) 0402  0000010000000010 ( 529)                 BRZ   dmul
(3195) 903F  1001000000111111 ( 531)                 NOT   R0 R0
(3196) 1021  0001000000100001 ( 532)                 ADD   R0 R0 #1
(3197) 2403  0010010000000011 ( 535) dmul            LD    R2 R2VMUL
(3198) 2603  0010011000000011 ( 536)                 LD    R3 R3VMUL
(3199) 2E03  0010111000000011 ( 537)                 LD    R7 R7VMUL
(319A) C1C0  1100000111000000 ( 538)                 RET   
(319B) 0000  0000000000000000 ( 541) R2VMUL          .FILL x0000
(319C) 0000  0000000000000000 ( 542) R3VMUL          .FILL x0000
(319D) 0000  0000000000000000 ( 552) R7VMUL          .FILL x0000
(319E) 54A0  0101010010100000 ( 553) sgnP            AND   R2 R2 #0
(319F) 1020  0001000000100000 ( 555)                 ADD   R0 R0 #0
(31A0) 0603  0000011000000011 ( 556)                 BRZP  skpsgn1
(31A1) 14A1  0001010010100001 ( 557)                 ADD   R2 R2 #1
(31A2) 103F  0001000000111111 ( 558)                 ADD   R0 R0 #-1
(31A3) 903F  1001000000111111 ( 559)                 NOT   R0 R0
(31A4) 1260  0001001001100000 ( 561) skpsgn1         ADD   R1 R1 #0
(31A5) 0603  0000011000000011 ( 562)                 BRZP  skpsgn2
(31A6) 14A1  0001010010100001 ( 563)                 ADD   R2 R2 #1
(31A7) 127F  0001001001111111 ( 564)                 ADD   R1 R1 #-1
(31A8) 927F  1001001001111111 ( 565)                 NOT   R1 R1
(31A9) 14BF  0001010010111111 ( 567) skpsgn2         ADD   R2 R2 #-1
(31AA) 14A0  0001010010100000 ( 571)                 ADD   R2 R2 #0
(31AB) 0A01  0000101000000001 ( 572)                 BRNP  sgn0
(31AC) 0402  0000010000000010 ( 573)                 BRZ   sgn1
(31AD) 54A0  0101010010100000 ( 575) sgn0            AND   R2 R2 #0
(31AE) 0E03  0000111000000011 ( 576)                 BRNZP dsgn
(31AF) 54A0  0101010010100000 ( 578) sgn1            AND   R2 R2 #0
(31B0) 14A1  0001010010100001 ( 579)                 ADD   R2 R2 #1
(31B1) 0E00  0000111000000000 ( 580)                 BRNZP dsgn
(31B2) C1C0  1100000111000000 ( 582) dsgn            RET   
