(0000) 3000  0011000000000000 (  25)                 .ORIG x3000
(3000) A0B1  1010000010110001 (  26)                 LDI   R0 B
(3001) 1220  0001001000100000 (  27)                 ADD   R1 R0 #0
(3002) EE03  1110111000000011 (  30)                 LEA   R7 b2ret
(3003) 3E84  0011111010000100 (  31)                 ST    R7 mRetTo
(3004) EE84  1110111010000100 (  32)                 LEA   R7 mulP
(3005) C1C0  1100000111000000 (  33)                 RET   
(3006) 30AD  0011000010101101 (  36) b2ret           ST    R0 B2
(3007) A0A9  1010000010101001 (  38)                 LDI   R0 A
(3008) A2AA  1010001010101010 (  39)                 LDI   R1 C
(3009) EE03  1110111000000011 (  41)                 LEA   R7 acret
(300A) 3E7D  0011111001111101 (  42)                 ST    R7 mRetTo
(300B) EE7D  1110111001111101 (  43)                 LEA   R7 mulP
(300C) C1C0  1100000111000000 (  44)                 RET   
(300D) 5260  0101001001100000 (  47) acret           AND   R1 R1 #0
(300E) 127C  0001001001111100 (  48)                 ADD   R1 R1 #-4
(300F) EE03  1110111000000011 (  50)                 LEA   R7 ac4ret
(3010) 3E77  0011111001110111 (  51)                 ST    R7 mRetTo
(3011) EE77  1110111001110111 (  52)                 LEA   R7 mulP
(3012) C1C0  1100000111000000 (  53)                 RET   
(3013) 30A1  0011000010100001 (  56) ac4ret          ST    R0 AC4
(3014) 209F  0010000010011111 (  58)                 LD    R0 B2
(3015) 229F  0010001010011111 (  59)                 LD    R1 AC4
(3016) 1401  0001010000000001 (  61)                 ADD   R2 R0 R1
(3017) 349E  0011010010011110 (  62)                 ST    R2 DISC
(3018) 56E0  0101011011100000 (  64)                 AND   R3 R3 #0
(3019) 369D  0011011010011101 (  65)                 ST    R3 NUMSOL
(301A) A097  1010000010010111 (  67)                 LDI   R0 B
(301B) 903F  1001000000111111 (  68)                 NOT   R0 R0
(301C) 1021  0001000000100001 (  69)                 ADD   R0 R0 #1
(301D) 309B  0011000010011011 (  70)                 ST    R0 NEGB
(301E) A092  1010000010010010 (  72)                 LDI   R0 A
(301F) 1000  0001000000000000 (  73)                 ADD   R0 R0 R0
(3020) 3099  0011000010011001 (  74)                 ST    R0 A2
(3021) 14A0  0001010010100000 (  76)                 ADD   R2 R2 #0
(3022) 0833  0000100000110011 (  77)                 BRN   numSol0
(3023) 16E1  0001011011100001 (  79)                 ADD   R3 R3 #1
(3024) 3692  0011011010010010 (  80)                 ST    R3 NUMSOL
(3025) 14A0  0001010010100000 (  81)                 ADD   R2 R2 #0
(3026) 0427  0000010000100111 (  82)                 BRZ   numSol1
(3027) 16E1  0001011011100001 (  84)                 ADD   R3 R3 #1
(3028) 368E  0011011010001110 (  85)                 ST    R3 NUMSOL
(3029) 14A0  0001010010100000 (  86)                 ADD   R2 R2 #0
(302A) 0200  0000001000000000 (  87)                 BRP   numSol2
(302B) 208A  0010000010001010 (  91) numSol2         LD    R0 DISC
(302C) EE03  1110111000000011 (  93)                 LEA   R7 sqrtret
(302D) 3E30  0011111000110000 (  94)                 ST    R7 rtRetTo
(302E) EE30  1110111000110000 (  95)                 LEA   R7 rtP
(302F) C1C0  1100000111000000 (  96)                 RET   
(3030) 3087  0011000010000111 (  99) sqrtret         ST    R0 SQRT
(3031) 2087  0010000010000111 ( 101)                 LD    R0 NEGB
(3032) 2287  0010001010000111 ( 102)                 LD    R1 A2
(3033) 2484  0010010010000100 ( 103)                 LD    R2 SQRT
(3034) 1002  0001000000000010 ( 105)                 ADD   R0 R0 R2
(3035) EE03  1110111000000011 ( 107)                 LEA   R7 d1ret
(3036) 3E3B  0011111000111011 ( 108)                 ST    R7 dRetTo
(3037) EE3B  1110111000111011 ( 109)                 LEA   R7 divP
(3038) C1C0  1100000111000000 ( 110)                 RET   
(3039) 3081  0011000010000001 ( 113) d1ret           ST    R0 SOL1
(303A) 207E  0010000001111110 ( 115)                 LD    R0 NEGB
(303B) 227E  0010001001111110 ( 116)                 LD    R1 A2
(303C) 247B  0010010001111011 ( 117)                 LD    R2 SQRT
(303D) 94BF  1001010010111111 ( 119)                 NOT   R2 R2
(303E) 14A1  0001010010100001 ( 120)                 ADD   R2 R2 #1
(303F) 1002  0001000000000010 ( 122)                 ADD   R0 R0 R2
(3040) EE03  1110111000000011 ( 124)                 LEA   R7 d2ret
(3041) 3E30  0011111000110000 ( 125)                 ST    R7 dRetTo
(3042) EE30  1110111000110000 ( 126)                 LEA   R7 divP
(3043) C1C0  1100000111000000 ( 127)                 RET   
(3044) 3077  0011000001110111 ( 130) d2ret           ST    R0 SOL2
(3045) 2075  0010000001110101 ( 133)                 LD    R0 SOL1
(3046) 2275  0010001001110101 ( 134)                 LD    R1 SOL2
(3047) 947F  1001010001111111 ( 136)                 NOT   R2 R1
(3048) 14A1  0001010010100001 ( 137)                 ADD   R2 R2 #1
(3049) 1602  0001011000000010 ( 139)                 ADD   R3 R0 R2
(304A) 0C0C  0000110000001100 ( 140)                 BRNZ  done
(304B) 3070  0011000001110000 ( 143)                 ST    R0 SOL2
(304C) 326E  0011001001101110 ( 144)                 ST    R1 SOL1
(304D) 0E09  0000111000001001 ( 146)                 BRNZP done
(304E) 206A  0010000001101010 ( 150) numSol1         LD    R0 NEGB
(304F) 226A  0010001001101010 ( 151)                 LD    R1 A2
(3050) EE03  1110111000000011 ( 153)                 LEA   R7 d3ret
(3051) 3E20  0011111000100000 ( 154)                 ST    R7 dRetTo
(3052) EE20  1110111000100000 ( 155)                 LEA   R7 divP
(3053) C1C0  1100000111000000 ( 156)                 RET   
(3054) 3066  0011000001100110 ( 159) d3ret           ST    R0 SOL1
(3055) 0E01  0000111000000001 ( 161)                 BRNZP done
(3056) 0E00  0000111000000000 ( 165) numSol0         BRNZP done
(3057) 205F  0010000001011111 ( 167) done            LD    R0 NUMSOL
(3058) 2262  0010001001100010 ( 168)                 LD    R1 SOL1
(3059) 2462  0010010001100010 ( 169)                 LD    R2 SOL2
(305A) B056  1011000001010110 ( 170)                 STI   R0 A
(305B) B256  1011001001010110 ( 171)                 STI   R1 B
(305C) B456  1011010001010110 ( 172)                 STI   R2 C
(305D) F025  1111000000100101 ( 175)                 TRAP  x25
(305E) 0000  0000000000000000 ( 188) rtRetTo         .FILL x0000
(305F) 1820  0001100000100000 ( 189) rtP             ADD   R4 R0 #0
(3060) 5B60  0101101101100000 ( 190)                 AND   R5 R5 #0
(3061) 1160  0001000101100000 ( 193) rtloop          ADD   R0 R5 #0
(3062) 1360  0001001101100000 ( 194)                 ADD   R1 R5 #0
(3063) EE03  1110111000000011 ( 196)                 LEA   R7 rtret
(3064) 3E23  0011111000100011 ( 197)                 ST    R7 mRetTo
(3065) EE23  1110111000100011 ( 198)                 LEA   R7 mulP
(3066) C1C0  1100000111000000 ( 199)                 RET   
(3067) 903F  1001000000111111 ( 203) rtret           NOT   R0 R0
(3068) 1021  0001000000100001 ( 204)                 ADD   R0 R0 #1
(3069) 1500  0001010100000000 ( 206)                 ADD   R2 R4 R0
(306A) 0404  0000010000000100 ( 207)                 BRZ   drt2
(306B) 0802  0000100000000010 ( 208)                 BRN   drt1
(306C) 1B61  0001101101100001 ( 209)                 ADD   R5 R5 #1
(306D) 0FF3  0000111111110011 ( 210)                 BRNZP rtloop
(306E) 1B7F  0001101101111111 ( 212) drt1            ADD   R5 R5 #-1
(306F) 1160  0001000101100000 ( 216) drt2            ADD   R0 R5 #0
(3070) 2FED  0010111111101101 ( 219) drt             LD    R7 rtRetTo
(3071) C1C0  1100000111000000 ( 220)                 RET   
(3072) 0000  0000000000000000 ( 229) dRetTo          .FILL x0000
(3073) EE03  1110111000000011 ( 230) divP            LEA   R7 divret
(3074) 3E25  0011111000100101 ( 231)                 ST    R7 sRetTo
(3075) EE25  1110111000100101 ( 232)                 LEA   R7 sgnP
(3076) C1C0  1100000111000000 ( 233)                 RET   
(3077) 1660  0001011001100000 ( 238) divret          ADD   R3 R1 #0
(3078) 96FF  1001011011111111 ( 239)                 NOT   R3 R3
(3079) 16E1  0001011011100001 ( 240)                 ADD   R3 R3 #1
(307A) 5920  0101100100100000 ( 242)                 AND   R4 R4 #0
(307B) 1E03  0001111000000011 ( 244) loopdiv         ADD   R7 R0 R3
(307C) 0803  0000100000000011 ( 245)                 BRN   ddiv1
(307D) 11E0  0001000111100000 ( 247)                 ADD   R0 R7 #0
(307E) 1921  0001100100100001 ( 248)                 ADD   R4 R4 #1
(307F) 0FFB  0000111111111011 ( 250)                 BRNZP loopdiv
(3080) 1220  0001001000100000 ( 253) ddiv1           ADD   R1 R0 #0
(3081) 1120  0001000100100000 ( 254)                 ADD   R0 R4 #0
(3082) 14A0  0001010010100000 ( 256)                 ADD   R2 R2 #0
(3083) 0402  0000010000000010 ( 257)                 BRZ   ddiv
(3084) 903F  1001000000111111 ( 258)                 NOT   R0 R0
(3085) 1021  0001000000100001 ( 259)                 ADD   R0 R0 #1
(3086) 2FEB  0010111111101011 ( 262) ddiv            LD    R7 dRetTo
(3087) C1C0  1100000111000000 ( 263)                 RET   
(3088) 0000  0000000000000000 ( 278) mRetTo          .FILL x0000
(3089) EE03  1110111000000011 ( 279) mulP            LEA   R7 mulret
(308A) 3E0F  0011111000001111 ( 280)                 ST    R7 sRetTo
(308B) EE0F  1110111000001111 ( 281)                 LEA   R7 sgnP
(308C) C1C0  1100000111000000 ( 282)                 RET   
(308D) 1620  0001011000100000 ( 287) mulret          ADD   R3 R0 #0
(308E) 5020  0101000000100000 ( 288)                 AND   R0 R0 #0
(308F) 1260  0001001001100000 ( 292) loopmul         ADD   R1 R1 #0
(3090) 0403  0000010000000011 ( 293)                 BRZ   dmul1
(3091) 1003  0001000000000011 ( 295)                 ADD   R0 R0 R3
(3092) 127F  0001001001111111 ( 296)                 ADD   R1 R1 #-1
(3093) 0FFB  0000111111111011 ( 298)                 BRNZP loopmul
(3094) 14A0  0001010010100000 ( 301) dmul1           ADD   R2 R2 #0
(3095) 0402  0000010000000010 ( 302)                 BRZ   dmul
(3096) 903F  1001000000111111 ( 304)                 NOT   R0 R0
(3097) 1021  0001000000100001 ( 305)                 ADD   R0 R0 #1
(3098) 2FEF  0010111111101111 ( 308) dmul            LD    R7 mRetTo
(3099) C1C0  1100000111000000 ( 309)                 RET   
(309A) 0000  0000000000000000 ( 320) sRetTo          .FILL x0000
(309B) 54A0  0101010010100000 ( 321) sgnP            AND   R2 R2 #0
(309C) 1020  0001000000100000 ( 323)                 ADD   R0 R0 #0
(309D) 0603  0000011000000011 ( 324)                 BRZP  skpsgn1
(309E) 14A1  0001010010100001 ( 325)                 ADD   R2 R2 #1
(309F) 103F  0001000000111111 ( 326)                 ADD   R0 R0 #-1
(30A0) 903F  1001000000111111 ( 327)                 NOT   R0 R0
(30A1) 1260  0001001001100000 ( 329) skpsgn1         ADD   R1 R1 #0
(30A2) 0603  0000011000000011 ( 330)                 BRZP  skpsgn2
(30A3) 14A1  0001010010100001 ( 331)                 ADD   R2 R2 #1
(30A4) 127F  0001001001111111 ( 332)                 ADD   R1 R1 #-1
(30A5) 927F  1001001001111111 ( 333)                 NOT   R1 R1
(30A6) 14BF  0001010010111111 ( 335) skpsgn2         ADD   R2 R2 #-1
(30A7) 14A0  0001010010100000 ( 339)                 ADD   R2 R2 #0
(30A8) 0A01  0000101000000001 ( 340)                 BRNP  sgn0
(30A9) 0402  0000010000000010 ( 341)                 BRZ   sgn1
(30AA) 54A0  0101010010100000 ( 343) sgn0            AND   R2 R2 #0
(30AB) 0E03  0000111000000011 ( 344)                 BRNZP dsgn
(30AC) 54A0  0101010010100000 ( 346) sgn1            AND   R2 R2 #0
(30AD) 14A1  0001010010100001 ( 347)                 ADD   R2 R2 #1
(30AE) 0E00  0000111000000000 ( 348)                 BRNZP dsgn
(30AF) 2FEA  0010111111101010 ( 350) dsgn            LD    R7 sRetTo
(30B0) C1C0  1100000111000000 ( 351)                 RET   
(30B1) 2FFD  0010111111111101 ( 356) A               .FILL x2FFD
(30B2) 2FFE  0010111111111110 ( 357) B               .FILL x2FFE
(30B3) 2FFF  0010111111111111 ( 358) C               .FILL x2FFF
(30B4) 0000  0000000000000000 ( 360) B2              .FILL x0000
(30B5) 0000  0000000000000000 ( 361) AC4             .FILL x0000
(30B6) 0000  0000000000000000 ( 362) DISC            .FILL x0000
(30B7) 0000  0000000000000000 ( 363) NUMSOL          .FILL x0000
(30B8) 0000  0000000000000000 ( 364) SQRT            .FILL x0000
(30B9) 0000  0000000000000000 ( 365) NEGB            .FILL x0000
(30BA) 0000  0000000000000000 ( 366) A2              .FILL x0000
(30BB) 0000  0000000000000000 ( 367) SOL1            .FILL x0000
(30BC) 0000  0000000000000000 ( 370) SOL2            .FILL x0000
