(0000) 3000  0011000000000000 (   5)                 .ORIG x3000
(3000) E812  1110100000010010 (   7)                 LEA   R4 sgnP
(3001) EE01  1110111000000001 (   8)                 LEA   R7 divret
(3002) C100  1100000100000000 (   9)                 JMP   R4
(3003) 1660  0001011001100000 (  13) divret          ADD   R3 R1 #0
(3004) 96FF  1001011011111111 (  14)                 NOT   R3 R3
(3005) 16E1  0001011011100001 (  15)                 ADD   R3 R3 #1
(3006) 5920  0101100100100000 (  17)                 AND   R4 R4 #0
(3007) 1E03  0001111000000011 (  19) loopdiv         ADD   R7 R0 R3
(3008) 0803  0000100000000011 (  20)                 BRN   ddiv1
(3009) 11E0  0001000111100000 (  22)                 ADD   R0 R7 #0
(300A) 1921  0001100100100001 (  23)                 ADD   R4 R4 #1
(300B) 0FFB  0000111111111011 (  25)                 BRNZP loopdiv
(300C) 1220  0001001000100000 (  28) ddiv1           ADD   R1 R0 #0
(300D) 1120  0001000100100000 (  29)                 ADD   R0 R4 #0
(300E) 14A0  0001010010100000 (  31)                 ADD   R2 R2 #0
(300F) 0402  0000010000000010 (  32)                 BRZ   ddiv
(3010) 903F  1001000000111111 (  33)                 NOT   R0 R0
(3011) 1021  0001000000100001 (  34)                 ADD   R0 R0 #1
(3012) 0E11  0000111000010001 (  36) ddiv            BRNZP done
(3013) 56E0  0101011011100000 (  49) sgnP            AND   R3 R3 #0
(3014) 1020  0001000000100000 (  51)                 ADD   R0 R0 #0
(3015) 0603  0000011000000011 (  52)                 BRZP  skpsgn1
(3016) 16E1  0001011011100001 (  53)                 ADD   R3 R3 #1
(3017) 103F  0001000000111111 (  54)                 ADD   R0 R0 #-1
(3018) 903F  1001000000111111 (  55)                 NOT   R0 R0
(3019) 1260  0001001001100000 (  57) skpsgn1         ADD   R1 R1 #0
(301A) 0603  0000011000000011 (  58)                 BRZP  skpsgn2
(301B) 16E1  0001011011100001 (  59)                 ADD   R3 R3 #1
(301C) 127F  0001001001111111 (  60)                 ADD   R1 R1 #-1
(301D) 927F  1001001001111111 (  61)                 NOT   R1 R1
(301E) 16FF  0001011011111111 (  63) skpsgn2         ADD   R3 R3 #-1
(301F) 54A0  0101010010100000 (  66)                 AND   R2 R2 #0
(3020) 16E0  0001011011100000 (  67)                 ADD   R3 R3 #0
(3021) 0A01  0000101000000001 (  68)                 BRNP  dsgn
(3022) 14A1  0001010010100001 (  69)                 ADD   R2 R2 #1
(3023) C1C0  1100000111000000 (  71) dsgn            RET   
(3024) F025  1111000000100101 (  76) done            TRAP  x25
