(0000) 3000  0011000000000000 (   5)                 .ORIG x3000
(3000) E80E  1110100000001110 (   7)                 LEA   R4 sgnP
(3001) EE01  1110111000000001 (   8)                 LEA   R7 mulret
(3002) C100  1100000100000000 (   9)                 JMP   R4
(3003) 1620  0001011000100000 (  14) mulret          ADD   R3 R0 #0
(3004) 5020  0101000000100000 (  15)                 AND   R0 R0 #0
(3005) 1260  0001001001100000 (  19) loopmul         ADD   R1 R1 #0
(3006) 0403  0000010000000011 (  20)                 BRZ   dmul1
(3007) 1003  0001000000000011 (  22)                 ADD   R0 R0 R3
(3008) 127F  0001001001111111 (  23)                 ADD   R1 R1 #-1
(3009) 0FFB  0000111111111011 (  25)                 BRNZP loopmul
(300A) 14A0  0001010010100000 (  28) dmul1           ADD   R2 R2 #0
(300B) 0402  0000010000000010 (  29)                 BRZ   dmul
(300C) 903F  1001000000111111 (  30)                 NOT   R0 R0
(300D) 1021  0001000000100001 (  31)                 ADD   R0 R0 #1
(300E) 0E11  0000111000010001 (  33) dmul            BRNZP done
(300F) 56E0  0101011011100000 (  41) sgnP            AND   R3 R3 #0
(3010) 1020  0001000000100000 (  43)                 ADD   R0 R0 #0
(3011) 0603  0000011000000011 (  44)                 BRZP  skpsgn1
(3012) 16E1  0001011011100001 (  45)                 ADD   R3 R3 #1
(3013) 103F  0001000000111111 (  46)                 ADD   R0 R0 #-1
(3014) 903F  1001000000111111 (  47)                 NOT   R0 R0
(3015) 1260  0001001001100000 (  49) skpsgn1         ADD   R1 R1 #0
(3016) 0603  0000011000000011 (  50)                 BRZP  skpsgn2
(3017) 16E1  0001011011100001 (  51)                 ADD   R3 R3 #1
(3018) 127F  0001001001111111 (  52)                 ADD   R1 R1 #-1
(3019) 927F  1001001001111111 (  53)                 NOT   R1 R1
(301A) 16FF  0001011011111111 (  55) skpsgn2         ADD   R3 R3 #-1
(301B) 54A0  0101010010100000 (  58)                 AND   R2 R2 #0
(301C) 16E0  0001011011100000 (  59)                 ADD   R3 R3 #0
(301D) 0A01  0000101000000001 (  60)                 BRNP  dsgn
(301E) 14A1  0001010010100001 (  61)                 ADD   R2 R2 #1
(301F) C1C0  1100000111000000 (  63) dsgn            RET   
(3020) F025  1111000000100101 (  68) done            TRAP  x25
