(0000) 3000  0011000000000000 (  18)                 .ORIG x3000
(3000) E02E  1110000000101110 (  23)                 LEA   R0 START_GAME
(3001) F022  1111000000100010 (  24)                 TRAP  x22
(3002) 4A9C  0100101010011100 (  25)                 JSR   DISPLAY_BOARD
(3003) E01B  1110000000011011 (  26)                 LEA   R0 BOARD_INITIAL
(3004) F022  1111000000100010 (  27)                 TRAP  x22
(3005) 48A6  0100100010100110 (  28) ENGINE          JSR   GET_MOVE
(3006) 48EB  0100100011101011 (  29)                 JSR   IS_VALID_MOVE
(3007) 1020  0001000000100000 (  30)                 ADD   R0 R0 #0
(3008) 09FC  0000100111111100 (  31)                 BRN   ENGINE
(3009) 4946  0100100101000110 (  32)                 JSR   APPLY_MOVE
(300A) 4A94  0100101010010100 (  33)                 JSR   DISPLAY_BOARD
(300B) 49C6  0100100111000110 (  34)                 JSR   IS_GAME_OVER
(300C) 1020  0001000000100000 (  35)                 ADD   R0 R0 #0
(300D) 05F7  0000010111110111 (  36)                 BRZ   ENGINE
(300E) 4A12  0100101000010010 (  37)                 JSR   GAME_OVER
(300F) F025  1111000000100101 (  38)                 TRAP  x25
(3010) 000A  0000000000001010 (  39) BOARD_LOADED    .FILL x000A
(3011) 0042  0000000001000010 (  39)                 .FILL x0042
(3012) 006F  0000000001101111 (  39)                 .FILL x006F
(3013) 0061  0000000001100001 (  39)                 .FILL x0061
(3014) 0072  0000000001110010 (  39)                 .FILL x0072
(3015) 0064  0000000001100100 (  39)                 .FILL x0064
(3016) 0020  0000000000100000 (  39)                 .FILL x0020
(3017) 004C  0000000001001100 (  39)                 .FILL x004C
(3018) 006F  0000000001101111 (  39)                 .FILL x006F
(3019) 0061  0000000001100001 (  39)                 .FILL x0061
(301A) 0064  0000000001100100 (  39)                 .FILL x0064
(301B) 0065  0000000001100101 (  39)                 .FILL x0065
(301C) 0064  0000000001100100 (  39)                 .FILL x0064
(301D) 000A  0000000000001010 (  39)                 .FILL x000A
(301E) 0000  0000000000000000 (  39)                 .FILL x0000
(301F) 000A  0000000000001010 (  40) BOARD_INITIAL   .FILL x000A
(3020) 0042  0000000001000010 (  40)                 .FILL x0042
(3021) 006F  0000000001101111 (  40)                 .FILL x006F
(3022) 0061  0000000001100001 (  40)                 .FILL x0061
(3023) 0072  0000000001110010 (  40)                 .FILL x0072
(3024) 0064  0000000001100100 (  40)                 .FILL x0064
(3025) 0020  0000000000100000 (  40)                 .FILL x0020
(3026) 0049  0000000001001001 (  40)                 .FILL x0049
(3027) 006E  0000000001101110 (  40)                 .FILL x006E
(3028) 0069  0000000001101001 (  40)                 .FILL x0069
(3029) 0074  0000000001110100 (  40)                 .FILL x0074
(302A) 0069  0000000001101001 (  40)                 .FILL x0069
(302B) 0061  0000000001100001 (  40)                 .FILL x0061
(302C) 006C  0000000001101100 (  40)                 .FILL x006C
(302D) 000A  0000000000001010 (  40)                 .FILL x000A
(302E) 0000  0000000000000000 (  40)                 .FILL x0000
(302F) 004D  0000000001001101 (  41) START_GAME      .FILL x004D
(3030) 0069  0000000001101001 (  41)                 .FILL x0069
(3031) 006E  0000000001101110 (  41)                 .FILL x006E
(3032) 0065  0000000001100101 (  41)                 .FILL x0065
(3033) 0073  0000000001110011 (  41)                 .FILL x0073
(3034) 0077  0000000001110111 (  41)                 .FILL x0077
(3035) 0065  0000000001100101 (  41)                 .FILL x0065
(3036) 0065  0000000001100101 (  41)                 .FILL x0065
(3037) 0070  0000000001110000 (  41)                 .FILL x0070
(3038) 0065  0000000001100101 (  41)                 .FILL x0065
(3039) 0072  0000000001110010 (  41)                 .FILL x0072
(303A) 000A  0000000000001010 (  41)                 .FILL x000A
(303B) 0000  0000000000000000 (  41)                 .FILL x0000
(303C) 6000  0110000000000000 (  42) BLOCKS          .FILL x6000
(303D) 002B  0000000000101011 (  47) GRID            .FILL x002B
(303E) 002D  0000000000101101 (  47)                 .FILL x002D
(303F) 002B  0000000000101011 (  47)                 .FILL x002B
(3040) 002D  0000000000101101 (  47)                 .FILL x002D
(3041) 002B  0000000000101011 (  47)                 .FILL x002B
(3042) 002D  0000000000101101 (  47)                 .FILL x002D
(3043) 002B  0000000000101011 (  47)                 .FILL x002B
(3044) 002D  0000000000101101 (  47)                 .FILL x002D
(3045) 002B  0000000000101011 (  47)                 .FILL x002B
(3046) 0000  0000000000000000 (  47)                 .FILL x0000
(3047) 007C  0000000001111100 (  48) ROW0            .FILL x007C
(3048) 0020  0000000000100000 (  48)                 .FILL x0020
(3049) 007C  0000000001111100 (  48)                 .FILL x007C
(304A) 0020  0000000000100000 (  48)                 .FILL x0020
(304B) 007C  0000000001111100 (  48)                 .FILL x007C
(304C) 0020  0000000000100000 (  48)                 .FILL x0020
(304D) 007C  0000000001111100 (  48)                 .FILL x007C
(304E) 0020  0000000000100000 (  48)                 .FILL x0020
(304F) 007C  0000000001111100 (  48)                 .FILL x007C
(3050) 0000  0000000000000000 (  48)                 .FILL x0000
(3051) 002B  0000000000101011 (  49)                 .FILL x002B
(3052) 002D  0000000000101101 (  49)                 .FILL x002D
(3053) 002B  0000000000101011 (  49)                 .FILL x002B
(3054) 002D  0000000000101101 (  49)                 .FILL x002D
(3055) 002B  0000000000101011 (  49)                 .FILL x002B
(3056) 002D  0000000000101101 (  49)                 .FILL x002D
(3057) 002B  0000000000101011 (  49)                 .FILL x002B
(3058) 002D  0000000000101101 (  49)                 .FILL x002D
(3059) 002B  0000000000101011 (  49)                 .FILL x002B
(305A) 0000  0000000000000000 (  49)                 .FILL x0000
(305B) 007C  0000000001111100 (  50) ROW1            .FILL x007C
(305C) 0020  0000000000100000 (  50)                 .FILL x0020
(305D) 007C  0000000001111100 (  50)                 .FILL x007C
(305E) 0020  0000000000100000 (  50)                 .FILL x0020
(305F) 007C  0000000001111100 (  50)                 .FILL x007C
(3060) 0020  0000000000100000 (  50)                 .FILL x0020
(3061) 007C  0000000001111100 (  50)                 .FILL x007C
(3062) 0020  0000000000100000 (  50)                 .FILL x0020
(3063) 007C  0000000001111100 (  50)                 .FILL x007C
(3064) 0000  0000000000000000 (  50)                 .FILL x0000
(3065) 002B  0000000000101011 (  51)                 .FILL x002B
(3066) 002D  0000000000101101 (  51)                 .FILL x002D
(3067) 002B  0000000000101011 (  51)                 .FILL x002B
(3068) 002D  0000000000101101 (  51)                 .FILL x002D
(3069) 002B  0000000000101011 (  51)                 .FILL x002B
(306A) 002D  0000000000101101 (  51)                 .FILL x002D
(306B) 002B  0000000000101011 (  51)                 .FILL x002B
(306C) 002D  0000000000101101 (  51)                 .FILL x002D
(306D) 002B  0000000000101011 (  51)                 .FILL x002B
(306E) 0000  0000000000000000 (  51)                 .FILL x0000
(306F) 007C  0000000001111100 (  52) ROW2            .FILL x007C
(3070) 0020  0000000000100000 (  52)                 .FILL x0020
(3071) 007C  0000000001111100 (  52)                 .FILL x007C
(3072) 0020  0000000000100000 (  52)                 .FILL x0020
(3073) 007C  0000000001111100 (  52)                 .FILL x007C
(3074) 0020  0000000000100000 (  52)                 .FILL x0020
(3075) 007C  0000000001111100 (  52)                 .FILL x007C
(3076) 0020  0000000000100000 (  52)                 .FILL x0020
(3077) 007C  0000000001111100 (  52)                 .FILL x007C
(3078) 0000  0000000000000000 (  52)                 .FILL x0000
(3079) 002B  0000000000101011 (  53)                 .FILL x002B
(307A) 002D  0000000000101101 (  53)                 .FILL x002D
(307B) 002B  0000000000101011 (  53)                 .FILL x002B
(307C) 002D  0000000000101101 (  53)                 .FILL x002D
(307D) 002B  0000000000101011 (  53)                 .FILL x002B
(307E) 002D  0000000000101101 (  53)                 .FILL x002D
(307F) 002B  0000000000101011 (  53)                 .FILL x002B
(3080) 002D  0000000000101101 (  53)                 .FILL x002D
(3081) 002B  0000000000101011 (  53)                 .FILL x002B
(3082) 0000  0000000000000000 (  53)                 .FILL x0000
(3083) 007C  0000000001111100 (  54) ROW3            .FILL x007C
(3084) 0020  0000000000100000 (  54)                 .FILL x0020
(3085) 007C  0000000001111100 (  54)                 .FILL x007C
(3086) 0020  0000000000100000 (  54)                 .FILL x0020
(3087) 007C  0000000001111100 (  54)                 .FILL x007C
(3088) 0020  0000000000100000 (  54)                 .FILL x0020
(3089) 007C  0000000001111100 (  54)                 .FILL x007C
(308A) 0020  0000000000100000 (  54)                 .FILL x0020
(308B) 007C  0000000001111100 (  54)                 .FILL x007C
(308C) 0000  0000000000000000 (  54)                 .FILL x0000
(308D) 002B  0000000000101011 (  55)                 .FILL x002B
(308E) 002D  0000000000101101 (  55)                 .FILL x002D
(308F) 002B  0000000000101011 (  55)                 .FILL x002B
(3090) 002D  0000000000101101 (  55)                 .FILL x002D
(3091) 002B  0000000000101011 (  55)                 .FILL x002B
(3092) 002D  0000000000101101 (  55)                 .FILL x002D
(3093) 002B  0000000000101011 (  55)                 .FILL x002B
(3094) 002D  0000000000101101 (  55)                 .FILL x002D
(3095) 002B  0000000000101011 (  55)                 .FILL x002B
(3096) 0000  0000000000000000 (  55)                 .FILL x0000
(3097) 0045  0000000001000101 (  72) MOVSTR          .FILL x0045
(3098) 006E  0000000001101110 (  72)                 .FILL x006E
(3099) 0074  0000000001110100 (  72)                 .FILL x0074
(309A) 0065  0000000001100101 (  72)                 .FILL x0065
(309B) 0072  0000000001110010 (  72)                 .FILL x0072
(309C) 0020  0000000000100000 (  72)                 .FILL x0020
(309D) 0061  0000000001100001 (  72)                 .FILL x0061
(309E) 0020  0000000000100000 (  72)                 .FILL x0020
(309F) 006D  0000000001101101 (  72)                 .FILL x006D
(30A0) 006F  0000000001101111 (  72)                 .FILL x006F
(30A1) 0076  0000000001110110 (  72)                 .FILL x0076
(30A2) 0065  0000000001100101 (  72)                 .FILL x0065
(30A3) 003A  0000000000111010 (  72)                 .FILL x003A
(30A4) 0020  0000000000100000 (  72)                 .FILL x0020
(30A5) 0028  0000000000101000 (  72)                 .FILL x0028
(30A6) 0000  0000000000000000 (  72)                 .FILL x0000
(30A7) 002C  0000000000101100 (  73) COMMSTR         .FILL x002C
(30A8) 0000  0000000000000000 (  73)                 .FILL x0000
(30A9) 0029  0000000000101001 (  74) ENDPSTR         .FILL x0029
(30AA) 000A  0000000000001010 (  74)                 .FILL x000A
(30AB) 0000  0000000000000000 (  74)                 .FILL x0000
(30AC) 301C  0011000000011100 (  82) GET_MOVE        ST    R0 GMR0
(30AD) 321C  0011001000011100 (  83)                 ST    R1 GMR1
(30AE) 341C  0011010000011100 (  84)                 ST    R2 GMR2
(30AF) 361C  0011011000011100 (  85)                 ST    R3 GMR3
(30B0) 381C  0011100000011100 (  86)                 ST    R4 GMR4
(30B1) 3A1C  0011101000011100 (  87)                 ST    R5 GMR5
(30B2) 3C1C  0011110000011100 (  88)                 ST    R6 GMR6
(30B3) 3E1C  0011111000011100 (  89)                 ST    R7 GMR7
(30B4) E1E2  1110000111100010 (  91)                 LEA   R0 MOVSTR
(30B5) F022  1111000000100010 (  92)                 TRAP  x22
(30B6) F020  1111000000100000 (  94)                 TRAP  x20
(30B7) F021  1111000000100001 (  95)                 TRAP  x21
(30B8) 1220  0001001000100000 (  97)                 ADD   R1 R0 #0
(30B9) E1ED  1110000111101101 (  99)                 LEA   R0 COMMSTR
(30BA) F022  1111000000100010 ( 100)                 TRAP  x22
(30BB) F020  1111000000100000 ( 102)                 TRAP  x20
(30BC) F021  1111000000100001 ( 103)                 TRAP  x21
(30BD) 1420  0001010000100000 ( 104)                 ADD   R2 R0 #0
(30BE) E1EA  1110000111101010 ( 106)                 LEA   R0 ENDPSTR
(30BF) F022  1111000000100010 ( 107)                 TRAP  x22
(30C0) 1060  0001000001100000 ( 109)                 ADD   R0 R1 #0
(30C1) 12A0  0001001010100000 ( 110)                 ADD   R1 R2 #0
(30C2) 2408  0010010000001000 ( 112)                 LD    R2 GMR2
(30C3) 2608  0010011000001000 ( 113)                 LD    R3 GMR3
(30C4) 2808  0010100000001000 ( 114)                 LD    R4 GMR4
(30C5) 2A08  0010101000001000 ( 115)                 LD    R5 GMR5
(30C6) 2C08  0010110000001000 ( 116)                 LD    R6 GMR6
(30C7) 2E08  0010111000001000 ( 117)                 LD    R7 GMR7
(30C8) C1C0  1100000111000000 ( 119)                 RET   
(30C9) 0000  0000000000000000 ( 121) GMR0            .FILL x0000
(30CA) 0000  0000000000000000 ( 122) GMR1            .FILL x0000
(30CB) 0000  0000000000000000 ( 123) GMR2            .FILL x0000
(30CC) 0000  0000000000000000 ( 124) GMR3            .FILL x0000
(30CD) 0000  0000000000000000 ( 125) GMR4            .FILL x0000
(30CE) 0000  0000000000000000 ( 126) GMR5            .FILL x0000
(30CF) 0000  0000000000000000 ( 127) GMR6            .FILL x0000
(30D0) 0000  0000000000000000 ( 130) GMR7            .FILL x0000
(30D1) 0030  0000000000110000 ( 130) CHAR0           .FILL x0030
(30D2) 0000  0000000000000000 ( 130)                 .FILL x0000
(30D3) 0020  0000000000100000 ( 131) CHARSP          .FILL x0020
(30D4) 0000  0000000000000000 ( 131)                 .FILL x0000
(30D5) 002A  0000000000101010 ( 132) CHARAS          .FILL x002A
(30D6) 0000  0000000000000000 ( 132)                 .FILL x0000
(30D7) 0049  0000000001001001 ( 133) IVMESTR         .FILL x0049
(30D8) 006E  0000000001101110 ( 133)                 .FILL x006E
(30D9) 0076  0000000001110110 ( 133)                 .FILL x0076
(30DA) 0061  0000000001100001 ( 133)                 .FILL x0061
(30DB) 006C  0000000001101100 ( 133)                 .FILL x006C
(30DC) 0069  0000000001101001 ( 133)                 .FILL x0069
(30DD) 0064  0000000001100100 ( 133)                 .FILL x0064
(30DE) 0020  0000000000100000 ( 133)                 .FILL x0020
(30DF) 006D  0000000001101101 ( 133)                 .FILL x006D
(30E0) 006F  0000000001101111 ( 133)                 .FILL x006F
(30E1) 0076  0000000001110110 ( 133)                 .FILL x0076
(30E2) 0065  0000000001100101 ( 133)                 .FILL x0065
(30E3) 0020  0000000000100000 ( 133)                 .FILL x0020
(30E4) 002D  0000000000101101 ( 133)                 .FILL x002D
(30E5) 0020  0000000000100000 ( 133)                 .FILL x0020
(30E6) 0074  0000000001110100 ( 133)                 .FILL x0074
(30E7) 0072  0000000001110010 ( 133)                 .FILL x0072
(30E8) 0079  0000000001111001 ( 133)                 .FILL x0079
(30E9) 0020  0000000000100000 ( 133)                 .FILL x0020
(30EA) 0061  0000000001100001 ( 133)                 .FILL x0061
(30EB) 0067  0000000001100111 ( 133)                 .FILL x0067
(30EC) 0061  0000000001100001 ( 133)                 .FILL x0061
(30ED) 0069  0000000001101001 ( 133)                 .FILL x0069
(30EE) 006E  0000000001101110 ( 133)                 .FILL x006E
(30EF) 0021  0000000000100001 ( 133)                 .FILL x0021
(30F0) 000A  0000000000001010 ( 133)                 .FILL x000A
(30F1) 0000  0000000000000000 ( 133)                 .FILL x0000
(30F2) 3022  0011000000100010 ( 142) IS_VALID_MOVE   ST    R0 IVMR0
(30F3) 3222  0011001000100010 ( 143)                 ST    R1 IVMR1
(30F4) 3422  0011010000100010 ( 144)                 ST    R2 IVMR2
(30F5) 3622  0011011000100010 ( 145)                 ST    R3 IVMR3
(30F6) 3822  0011100000100010 ( 146)                 ST    R4 IVMR4
(30F7) 3A22  0011101000100010 ( 147)                 ST    R5 IVMR5
(30F8) 3C22  0011110000100010 ( 148)                 ST    R6 IVMR6
(30F9) 3E22  0011111000100010 ( 149)                 ST    R7 IVMR7
(30FA) 25D6  0010010111010110 ( 151)                 LD    R2 CHAR0
(30FB) 94BF  1001010010111111 ( 152)                 NOT   R2 R2
(30FC) 14A1  0001010010100001 ( 153)                 ADD   R2 R2 #1
(30FD) 1002  0001000000000010 ( 155)                 ADD   R0 R0 R2
(30FE) 1242  0001001001000010 ( 156)                 ADD   R1 R1 R2
(30FF) 1020  0001000000100000 ( 160)                 ADD   R0 R0 #0
(3100) 0807  0000100000000111 ( 161)                 BRN   IVMERR
(3101) 143D  0001010000111101 ( 162)                 ADD   R2 R0 #-3
(3102) 0205  0000001000000101 ( 163)                 BRP   IVMERR
(3103) 1260  0001001001100000 ( 165)                 ADD   R1 R1 #0
(3104) 0803  0000100000000011 ( 166)                 BRN   IVMERR
(3105) 147D  0001010001111101 ( 167)                 ADD   R2 R1 #-3
(3106) 0201  0000001000000001 ( 168)                 BRP   IVMERR
(3107) 0E06  0000111000000110 ( 170)                 BRNZP IVMDNE
(3108) E1CE  1110000111001110 ( 173) IVMERR          LEA   R0 IVMESTR
(3109) F022  1111000000100010 ( 174)                 TRAP  x22
(310A) 5020  0101000000100000 ( 175)                 AND   R0 R0 #0
(310B) 103F  0001000000111111 ( 176)                 ADD   R0 R0 #-1
(310C) 2209  0010001000001001 ( 177)                 LD    R1 IVMR1
(310D) 0E00  0000111000000000 ( 178)                 BRNZP IVMDNE
(310E) 2408  0010010000001000 ( 181) IVMDNE          LD    R2 IVMR2
(310F) 2608  0010011000001000 ( 182)                 LD    R3 IVMR3
(3110) 2808  0010100000001000 ( 183)                 LD    R4 IVMR4
(3111) 2A08  0010101000001000 ( 184)                 LD    R5 IVMR5
(3112) 2C08  0010110000001000 ( 185)                 LD    R6 IVMR6
(3113) 2E08  0010111000001000 ( 186)                 LD    R7 IVMR7
(3114) C1C0  1100000111000000 ( 187)                 RET   
(3115) 0000  0000000000000000 ( 190) IVMR0           .FILL x0000
(3116) 0000  0000000000000000 ( 191) IVMR1           .FILL x0000
(3117) 0000  0000000000000000 ( 192) IVMR2           .FILL x0000
(3118) 0000  0000000000000000 ( 193) IVMR3           .FILL x0000
(3119) 0000  0000000000000000 ( 194) IVMR4           .FILL x0000
(311A) 0000  0000000000000000 ( 195) IVMR5           .FILL x0000
(311B) 0000  0000000000000000 ( 196) IVMR6           .FILL x0000
(311C) 0000  0000000000000000 ( 198) IVMR7           .FILL x0000
(311D) 0000  0000000000000000 ( 198) STATUS          .FILL x0000
(311E) 0000  0000000000000000 ( 201) PMOVES          .FILL x0000
(311F) 0000  0000000000000000 ( 201)                 .FILL x0000
(3120) 0000  0000000000000000 ( 201)                 .FILL x0000
(3121) 0000  0000000000000000 ( 201)                 .FILL x0000
(3122) 0000  0000000000000000 ( 201)                 .FILL x0000
(3123) 0000  0000000000000000 ( 201)                 .FILL x0000
(3124) 0000  0000000000000000 ( 201)                 .FILL x0000
(3125) 0000  0000000000000000 ( 201)                 .FILL x0000
(3126) 0000  0000000000000000 ( 201)                 .FILL x0000
(3127) 0000  0000000000000000 ( 201)                 .FILL x0000
(3128) 0000  0000000000000000 ( 201)                 .FILL x0000
(3129) 0000  0000000000000000 ( 201)                 .FILL x0000
(312A) 0000  0000000000000000 ( 201)                 .FILL x0000
(312B) 0000  0000000000000000 ( 201)                 .FILL x0000
(312C) 0000  0000000000000000 ( 201)                 .FILL x0000
(312D) 0000  0000000000000000 ( 201)                 .FILL x0000
(312E) 311E  0011000100011110 ( 201) NMOVE           .FILL x311E
(312F) 0059  0000000001011001 ( 203) TRYDSTR         .FILL x0059
(3130) 006F  0000000001101111 ( 203)                 .FILL x006F
(3131) 0075  0000000001110101 ( 203)                 .FILL x0075
(3132) 0020  0000000000100000 ( 203)                 .FILL x0020
(3133) 0061  0000000001100001 ( 203)                 .FILL x0061
(3134) 006C  0000000001101100 ( 203)                 .FILL x006C
(3135) 0072  0000000001110010 ( 203)                 .FILL x0072
(3136) 0065  0000000001100101 ( 203)                 .FILL x0065
(3137) 0061  0000000001100001 ( 203)                 .FILL x0061
(3138) 0064  0000000001100100 ( 203)                 .FILL x0064
(3139) 0079  0000000001111001 ( 203)                 .FILL x0079
(313A) 0020  0000000000100000 ( 203)                 .FILL x0020
(313B) 0074  0000000001110100 ( 203)                 .FILL x0074
(313C) 0072  0000000001110010 ( 203)                 .FILL x0072
(313D) 0069  0000000001101001 ( 203)                 .FILL x0069
(313E) 0065  0000000001100101 ( 203)                 .FILL x0065
(313F) 0064  0000000001100100 ( 203)                 .FILL x0064
(3140) 0020  0000000000100000 ( 203)                 .FILL x0020
(3141) 0074  0000000001110100 ( 203)                 .FILL x0074
(3142) 0068  0000000001101000 ( 203)                 .FILL x0068
(3143) 0069  0000000001101001 ( 203)                 .FILL x0069
(3144) 0073  0000000001110011 ( 203)                 .FILL x0073
(3145) 0020  0000000000100000 ( 203)                 .FILL x0020
(3146) 006C  0000000001101100 ( 203)                 .FILL x006C
(3147) 006F  0000000001101111 ( 203)                 .FILL x006F
(3148) 0063  0000000001100011 ( 203)                 .FILL x0063
(3149) 0061  0000000001100001 ( 203)                 .FILL x0061
(314A) 0074  0000000001110100 ( 203)                 .FILL x0074
(314B) 0069  0000000001101001 ( 203)                 .FILL x0069
(314C) 006F  0000000001101111 ( 203)                 .FILL x006F
(314D) 006E  0000000001101110 ( 203)                 .FILL x006E
(314E) 0021  0000000000100001 ( 203)                 .FILL x0021
(314F) 0000  0000000000000000 ( 203)                 .FILL x0000
(3150) 3040  0011000001000000 ( 214) APPLY_MOVE      ST    R0 AMR0
(3151) 3240  0011001001000000 ( 215)                 ST    R1 AMR1
(3152) 3440  0011010001000000 ( 216)                 ST    R2 AMR2
(3153) 3640  0011011001000000 ( 217)                 ST    R3 AMR3
(3154) 3840  0011100001000000 ( 218)                 ST    R4 AMR4
(3155) 3A40  0011101001000000 ( 219)                 ST    R5 AMR5
(3156) 3C40  0011110001000000 ( 220)                 ST    R6 AMR6
(3157) 3E40  0011111001000000 ( 221)                 ST    R7 AMR7
(3158) 2238  0010001000111000 ( 223)                 LD    R1 AMR0
(3159) 2438  0010010000111000 ( 224)                 LD    R2 AMR1
(315A) 4918  0100100100011000 ( 226)                 JSR   GRID_ADDRESS
(315B) 1C20  0001110000100000 ( 227)                 ADD   R6 R0 #0
(315C) 483D  0100100000111101 ( 229)                 JSR   HAS_MOVE
(315D) 1260  0001001001100000 ( 230)                 ADD   R1 R1 #0
(315E) 0226  0000001000100110 ( 231)                 BRP   AMHASM
(315F) 484E  0100100001001110 ( 234)                 JSR   INCSCR
(3160) A038  1010000000111000 ( 236)                 LDI   R0 BLOCKSA
(3161) 6000  0110000000000000 ( 237)                 LDR   R0 R0 #0
(3162) 222E  0010001000101110 ( 238)                 LD    R1 AMR0
(3163) 242E  0010010000101110 ( 239)                 LD    R2 AMR1
(3164) 49CC  0100100111001100 ( 241)                 JSR   COUNT_BOMBS
(3165) 2BC8  0010101111001000 ( 243)                 LD    R5 NMOVE
(3166) 7D40  0111110101000000 ( 244)                 STR   R6 R5 #0
(3167) 1B61  0001101101100001 ( 245)                 ADD   R5 R5 #1
(3168) 3BC5  0011101111000101 ( 246)                 ST    R5 NMOVE
(3169) 48E3  0100100011100011 ( 248)                 JSR   NUM_BOMBS
(316A) 1AC5  0001101011000101 ( 249)                 ADD   R5 R3 R5
(316B) E9C2  1110100111000010 ( 251)                 LEA   R4 NMOVE
(316C) 9B7F  1001101101111111 ( 252)                 NOT   R5 R5
(316D) 1B61  0001101101100001 ( 253)                 ADD   R5 R5 #1
(316E) 1B44  0001101101000100 ( 254)                 ADD   R5 R5 R4
(316F) 0A04  0000101000000100 ( 255)                 BRNP  AMNWON
(3170) 2BAC  0010101110101100 ( 257)                 LD    R5 STATUS
(3171) 5B60  0101101101100000 ( 258)                 AND   R5 R5 #0
(3172) 1B61  0001101101100001 ( 259)                 ADD   R5 R5 #1
(3173) 3BA9  0011101110101001 ( 260)                 ST    R5 STATUS
(3174) 1020  0001000000100000 ( 263) AMNWON          ADD   R0 R0 #0
(3175) 0802  0000100000000010 ( 264)                 BRN   HITB
(3176) 0407  0000010000000111 ( 265)                 BRZ   HIT0
(3177) 0209  0000001000001001 ( 266)                 BRP   HITNUM
(3178) 235C  0010001101011100 ( 269) HITB            LD    R1 CHARAS
(3179) 7380  0111001110000000 ( 270)                 STR   R1 R6 #0
(317A) 5B60  0101101101100000 ( 272)                 AND   R5 R5 #0
(317B) 1B7F  0001101101111111 ( 273)                 ADD   R5 R5 #-1
(317C) 3BA0  0011101110100000 ( 274)                 ST    R5 STATUS
(317D) 0E0A  0000111000001010 ( 276)                 BRNZP AMDNE
(317E) 2354  0010001101010100 ( 278) HIT0            LD    R1 CHARSP
(317F) 7380  0111001110000000 ( 279)                 STR   R1 R6 #0
(3180) 0E07  0000111000000111 ( 280)                 BRNZP AMDNE
(3181) 234F  0010001101001111 ( 282) HITNUM          LD    R1 CHAR0
(3182) 1001  0001000000000001 ( 283)                 ADD   R0 R0 R1
(3183) 7180  0111000110000000 ( 284)                 STR   R0 R6 #0
(3184) 0E03  0000111000000011 ( 285)                 BRNZP AMDNE
(3185) E1A9  1110000110101001 ( 288) AMHASM          LEA   R0 TRYDSTR
(3186) F022  1111000000100010 ( 289)                 TRAP  x22
(3187) 0E00  0000111000000000 ( 290)                 BRNZP AMDNE
(3188) 2008  0010000000001000 ( 294) AMDNE           LD    R0 AMR0
(3189) 2208  0010001000001000 ( 295)                 LD    R1 AMR1
(318A) 2408  0010010000001000 ( 296)                 LD    R2 AMR2
(318B) 2608  0010011000001000 ( 297)                 LD    R3 AMR3
(318C) 2808  0010100000001000 ( 298)                 LD    R4 AMR4
(318D) 2A08  0010101000001000 ( 299)                 LD    R5 AMR5
(318E) 2C08  0010110000001000 ( 300)                 LD    R6 AMR6
(318F) 2E08  0010111000001000 ( 301)                 LD    R7 AMR7
(3190) C1C0  1100000111000000 ( 303)                 RET   
(3191) 0000  0000000000000000 ( 306) AMR0            .FILL x0000
(3192) 0000  0000000000000000 ( 307) AMR1            .FILL x0000
(3193) 0000  0000000000000000 ( 308) AMR2            .FILL x0000
(3194) 0000  0000000000000000 ( 309) AMR3            .FILL x0000
(3195) 0000  0000000000000000 ( 310) AMR4            .FILL x0000
(3196) 0000  0000000000000000 ( 311) AMR5            .FILL x0000
(3197) 0000  0000000000000000 ( 312) AMR6            .FILL x0000
(3198) 0000  0000000000000000 ( 314) AMR7            .FILL x0000
(3199) 303C  0011000000111100 ( 314) BLOCKSA         .FILL x303C
(319A) 5260  0101001001100000 ( 318) HAS_MOVE        AND   R1 R1 #0
(319B) E582  1110010110000010 ( 320)                 LEA   R2 PMOVES
(319C) 56E0  0101011011100000 ( 321)                 AND   R3 R3 #0
(319D) 16EF  0001011011101111 ( 322)                 ADD   R3 R3 #15
(319E) 1883  0001100010000011 ( 325) HMLOOP          ADD   R4 R2 R3
(319F) 6900  0110100100000000 ( 326)                 LDR   R4 R4 #0
(31A0) 993F  1001100100111111 ( 328)                 NOT   R4 R4
(31A1) 1921  0001100100100001 ( 329)                 ADD   R4 R4 #1
(31A2) 1804  0001100000000100 ( 331)                 ADD   R4 R0 R4
(31A3) 0403  0000010000000011 ( 333)                 BRZ   HMYES
(31A4) 16FF  0001011011111111 ( 335)                 ADD   R3 R3 #-1
(31A5) 0802  0000100000000010 ( 336)                 BRN   HMNO
(31A6) 0FF7  0000111111110111 ( 337)                 BRNZP HMLOOP
(31A7) 1261  0001001001100001 ( 340) HMYES           ADD   R1 R1 #1
(31A8) C1C0  1100000111000000 ( 344) HMNO            RET   
(31A9) 0030  0000000000110000 ( 347) SCORE1          .FILL x0030
(31AA) 0030  0000000000110000 ( 348) SCORE0          .FILL x0030
(31AB) 000A  0000000000001010 ( 349) NLCHAR1         .FILL x000A
(31AC) 0000  0000000000000000 ( 350) TCHAR1          .FILL x0000
(31AD) 31AA  0011000110101010 ( 352) SCORE           .FILL x31AA
(31AE) 301E  0011000000011110 ( 355) INCSCR          ST    R0 ISR0
(31AF) 321E  0011001000011110 ( 356)                 ST    R1 ISR1
(31B0) 341E  0011010000011110 ( 357)                 ST    R2 ISR2
(31B1) 361E  0011011000011110 ( 358)                 ST    R3 ISR3
(31B2) 381E  0011100000011110 ( 359)                 ST    R4 ISR4
(31B3) 21F6  0010000111110110 ( 361)                 LD    R0 SCORE0
(31B4) 23F4  0010001111110100 ( 362)                 LD    R1 SCORE1
(31B5) 1420  0001010000100000 ( 364)                 ADD   R2 R0 #0
(31B6) 14B6  0001010010110110 ( 365)                 ADD   R2 R2 #-10
(31B7) 14B6  0001010010110110 ( 366)                 ADD   R2 R2 #-10
(31B8) 14B6  0001010010110110 ( 367)                 ADD   R2 R2 #-10
(31B9) 14B6  0001010010110110 ( 368)                 ADD   R2 R2 #-10
(31BA) 14B6  0001010010110110 ( 369)                 ADD   R2 R2 #-10
(31BB) 14B9  0001010010111001 ( 370)                 ADD   R2 R2 #-7
(31BC) 0403  0000010000000011 ( 371)                 BRZ   CNGDIG
(31BD) 0800  0000100000000000 ( 372)                 BRN   KPDIG
(31BE) 1021  0001000000100001 ( 375) KPDIG           ADD   R0 R0 #1
(31BF) 0E05  0000111000000101 ( 377)                 BRNZP STDIG
(31C0) 1037  0001000000110111 ( 379) CNGDIG          ADD   R0 R0 #-9
(31C1) 1261  0001001001100001 ( 380)                 ADD   R1 R1 #1
(31C2) E5E6  1110010111100110 ( 381)                 LEA   R2 SCORE1
(31C3) 35E9  0011010111101001 ( 382)                 ST    R2 SCORE
(31C4) 0E00  0000111000000000 ( 384)                 BRNZP STDIG
(31C5) 31E4  0011000111100100 ( 385) STDIG           ST    R0 SCORE0
(31C6) 33E2  0011001111100010 ( 386)                 ST    R1 SCORE1
(31C7) 2005  0010000000000101 ( 388)                 LD    R0 ISR0
(31C8) 2205  0010001000000101 ( 389)                 LD    R1 ISR1
(31C9) 2405  0010010000000101 ( 390)                 LD    R2 ISR2
(31CA) 2605  0010011000000101 ( 391)                 LD    R3 ISR3
(31CB) 2805  0010100000000101 ( 392)                 LD    R4 ISR4
(31CC) C1C0  1100000111000000 ( 393)                 RET   
(31CD) 0000  0000000000000000 ( 396) ISR0            .FILL x0000
(31CE) 0000  0000000000000000 ( 397) ISR1            .FILL x0000
(31CF) 0000  0000000000000000 ( 398) ISR2            .FILL x0000
(31D0) 0000  0000000000000000 ( 399) ISR3            .FILL x0000
(31D1) 0000  0000000000000000 ( 410) ISR4            .FILL x0000
(31D2) 214A  0010000101001010 ( 411) IS_GAME_OVER    LD    R0 STATUS
(31D3) C1C0  1100000111000000 ( 412)                 RET   
(31D4) 000A  0000000000001010 ( 416) WONSTR          .FILL x000A
(31D5) 0043  0000000001000011 ( 416)                 .FILL x0043
(31D6) 006F  0000000001101111 ( 416)                 .FILL x006F
(31D7) 006E  0000000001101110 ( 416)                 .FILL x006E
(31D8) 0067  0000000001100111 ( 416)                 .FILL x0067
(31D9) 0072  0000000001110010 ( 416)                 .FILL x0072
(31DA) 0061  0000000001100001 ( 416)                 .FILL x0061
(31DB) 0074  0000000001110100 ( 416)                 .FILL x0074
(31DC) 0073  0000000001110011 ( 416)                 .FILL x0073
(31DD) 002C  0000000000101100 ( 416)                 .FILL x002C
(31DE) 0020  0000000000100000 ( 416)                 .FILL x0020
(31DF) 0079  0000000001111001 ( 416)                 .FILL x0079
(31E0) 006F  0000000001101111 ( 416)                 .FILL x006F
(31E1) 0075  0000000001110101 ( 416)                 .FILL x0075
(31E2) 0020  0000000000100000 ( 416)                 .FILL x0020
(31E3) 0077  0000000001110111 ( 416)                 .FILL x0077
(31E4) 006F  0000000001101111 ( 416)                 .FILL x006F
(31E5) 006E  0000000001101110 ( 416)                 .FILL x006E
(31E6) 0021  0000000000100001 ( 416)                 .FILL x0021
(31E7) 000A  0000000000001010 ( 416)                 .FILL x000A
(31E8) 0000  0000000000000000 ( 416)                 .FILL x0000
(31E9) 000A  0000000000001010 ( 417) LOSSTR          .FILL x000A
(31EA) 0059  0000000001011001 ( 417)                 .FILL x0059
(31EB) 006F  0000000001101111 ( 417)                 .FILL x006F
(31EC) 0075  0000000001110101 ( 417)                 .FILL x0075
(31ED) 0020  0000000000100000 ( 417)                 .FILL x0020
(31EE) 006C  0000000001101100 ( 417)                 .FILL x006C
(31EF) 006F  0000000001101111 ( 417)                 .FILL x006F
(31F0) 0073  0000000001110011 ( 417)                 .FILL x0073
(31F1) 0074  0000000001110100 ( 417)                 .FILL x0074
(31F2) 0021  0000000000100001 ( 417)                 .FILL x0021
(31F3) 0020  0000000000100000 ( 417)                 .FILL x0020
(31F4) 0042  0000000001000010 ( 417)                 .FILL x0042
(31F5) 0065  0000000001100101 ( 417)                 .FILL x0065
(31F6) 0074  0000000001110100 ( 417)                 .FILL x0074
(31F7) 0074  0000000001110100 ( 417)                 .FILL x0074
(31F8) 0065  0000000001100101 ( 417)                 .FILL x0065
(31F9) 0072  0000000001110010 ( 417)                 .FILL x0072
(31FA) 0020  0000000000100000 ( 417)                 .FILL x0020
(31FB) 006C  0000000001101100 ( 417)                 .FILL x006C
(31FC) 0075  0000000001110101 ( 417)                 .FILL x0075
(31FD) 0063  0000000001100011 ( 417)                 .FILL x0063
(31FE) 006B  0000000001101011 ( 417)                 .FILL x006B
(31FF) 0020  0000000000100000 ( 417)                 .FILL x0020
(3200) 006E  0000000001101110 ( 417)                 .FILL x006E
(3201) 0065  0000000001100101 ( 417)                 .FILL x0065
(3202) 0078  0000000001111000 ( 417)                 .FILL x0078
(3203) 0074  0000000001110100 ( 417)                 .FILL x0074
(3204) 0020  0000000000100000 ( 417)                 .FILL x0020
(3205) 0074  0000000001110100 ( 417)                 .FILL x0074
(3206) 0069  0000000001101001 ( 417)                 .FILL x0069
(3207) 006D  0000000001101101 ( 417)                 .FILL x006D
(3208) 0065  0000000001100101 ( 417)                 .FILL x0065
(3209) 0021  0000000000100001 ( 417)                 .FILL x0021
(320A) 000A  0000000000001010 ( 417)                 .FILL x000A
(320B) 0000  0000000000000000 ( 417)                 .FILL x0000
(320C) 000A  0000000000001010 ( 418) SCRSTR          .FILL x000A
(320D) 0059  0000000001011001 ( 418)                 .FILL x0059
(320E) 006F  0000000001101111 ( 418)                 .FILL x006F
(320F) 0075  0000000001110101 ( 418)                 .FILL x0075
(3210) 0072  0000000001110010 ( 418)                 .FILL x0072
(3211) 0020  0000000000100000 ( 418)                 .FILL x0020
(3212) 0073  0000000001110011 ( 418)                 .FILL x0073
(3213) 0063  0000000001100011 ( 418)                 .FILL x0063
(3214) 006F  0000000001101111 ( 418)                 .FILL x006F
(3215) 0072  0000000001110010 ( 418)                 .FILL x0072
(3216) 0065  0000000001100101 ( 418)                 .FILL x0065
(3217) 0020  0000000000100000 ( 418)                 .FILL x0020
(3218) 0069  0000000001101001 ( 418)                 .FILL x0069
(3219) 0073  0000000001110011 ( 418)                 .FILL x0073
(321A) 003A  0000000000111010 ( 418)                 .FILL x003A
(321B) 0020  0000000000100000 ( 418)                 .FILL x0020
(321C) 0000  0000000000000000 ( 418)                 .FILL x0000
(321D) 0039  0000000000111001 ( 420) WINSCRS         .FILL x0039
(321E) 0039  0000000000111001 ( 420)                 .FILL x0039
(321F) 000A  0000000000001010 ( 420)                 .FILL x000A
(3220) 0000  0000000000000000 ( 420)                 .FILL x0000
(3221) 3023  0011000000100011 ( 428) GAME_OVER       ST    R0 GOR0
(3222) 3223  0011001000100011 ( 429)                 ST    R1 GOR1
(3223) 3423  0011010000100011 ( 430)                 ST    R2 GOR2
(3224) 3623  0011011000100011 ( 431)                 ST    R3 GOR3
(3225) 3823  0011100000100011 ( 432)                 ST    R4 GOR4
(3226) 3A23  0011101000100011 ( 433)                 ST    R5 GOR5
(3227) 3C23  0011110000100011 ( 434)                 ST    R6 GOR6
(3228) 3E23  0011111000100011 ( 435)                 ST    R7 GOR7
(3229) 1220  0001001000100000 ( 439)                 ADD   R1 R0 #0
(322A) 0805  0000100000000101 ( 440)                 BRN   GOLOS
(322B) 0200  0000001000000000 ( 441)                 BRP   GOWIN
(322C) E1A7  1110000110100111 ( 444) GOWIN           LEA   R0 WONSTR
(322D) F022  1111000000100010 ( 445)                 TRAP  x22
(322E) E3EE  1110001111101110 ( 447)                 LEA   R1 WINSCRS
(322F) 0E04  0000111000000100 ( 449)                 BRNZP GOM
(3230) E1B8  1110000110111000 ( 452) GOLOS           LEA   R0 LOSSTR
(3231) F022  1111000000100010 ( 453)                 TRAP  x22
(3232) 237A  0010001101111010 ( 455)                 LD    R1 SCORE
(3233) 0E00  0000111000000000 ( 457)                 BRNZP GOM
(3234) A164  1010000101100100 ( 461) GOM             LDI   R0 BLOCKSA
(3235) 6000  0110000000000000 ( 462)                 LDR   R0 R0 #0
(3236) 48AD  0100100010101101 ( 464)                 JSR   LOAD_BOARD
(3237) 4867  0100100001100111 ( 465)                 JSR   DISPLAY_BOARD
(3238) E1D3  1110000111010011 ( 466)                 LEA   R0 SCRSTR
(3239) F022  1111000000100010 ( 467)                 TRAP  x22
(323A) 1060  0001000001100000 ( 468)                 ADD   R0 R1 #0
(323B) F022  1111000000100010 ( 469)                 TRAP  x22
(323C) 2008  0010000000001000 ( 472)                 LD    R0 GOR0
(323D) 2208  0010001000001000 ( 473)                 LD    R1 GOR1
(323E) 2408  0010010000001000 ( 474)                 LD    R2 GOR2
(323F) 2608  0010011000001000 ( 475)                 LD    R3 GOR3
(3240) 2808  0010100000001000 ( 476)                 LD    R4 GOR4
(3241) 2A08  0010101000001000 ( 477)                 LD    R5 GOR5
(3242) 2C08  0010110000001000 ( 478)                 LD    R6 GOR6
(3243) 2E08  0010111000001000 ( 479)                 LD    R7 GOR7
(3244) C1C0  1100000111000000 ( 483)                 RET   
(3245) 0000  0000000000000000 ( 485) GOR0            .FILL x0000
(3246) 0000  0000000000000000 ( 486) GOR1            .FILL x0000
(3247) 0000  0000000000000000 ( 487) GOR2            .FILL x0000
(3248) 0000  0000000000000000 ( 488) GOR3            .FILL x0000
(3249) 0000  0000000000000000 ( 489) GOR4            .FILL x0000
(324A) 0000  0000000000000000 ( 490) GOR5            .FILL x0000
(324B) 0000  0000000000000000 ( 491) GOR6            .FILL x0000
(324C) 0000  0000000000000000 ( 494) GOR7            .FILL x0000
(324D) 3018  0011000000011000 ( 495) NUM_BOMBS       ST    R0 NBR0
(324E) 3218  0011001000011000 ( 496)                 ST    R1 NBR1
(324F) 3418  0011010000011000 ( 497)                 ST    R2 NBR2
(3250) 3618  0011011000011000 ( 498)                 ST    R3 NBR3
(3251) 3818  0011100000011000 ( 499)                 ST    R4 NBR4
(3252) 3A18  0011101000011000 ( 500)                 ST    R5 NBR5
(3253) 3C18  0011110000011000 ( 501)                 ST    R6 NBR6
(3254) 3E18  0011111000011000 ( 502)                 ST    R7 NBR7
(3255) A143  1010000101000011 ( 505)                 LDI   R0 BLOCKSA
(3256) 6000  0110000000000000 ( 506)                 LDR   R0 R0 #0
(3257) 5260  0101001001100000 ( 509)                 AND   R1 R1 #0
(3258) 1020  0001000000100000 ( 512) NBLoop          ADD   R0 R0 #0
(3259) 0403  0000010000000011 ( 513)                 BRZ   NBDNE
(325A) 1261  0001001001100001 ( 515)                 ADD   R1 R1 #1
(325B) 6002  0110000000000010 ( 516)                 LDR   R0 R0 #2
(325C) 0FFB  0000111111111011 ( 517)                 BRNZP NBLoop
(325D) 1660  0001011001100000 ( 520) NBDNE           ADD   R3 R1 #0
(325E) 2007  0010000000000111 ( 522)                 LD    R0 NBR0
(325F) 2207  0010001000000111 ( 523)                 LD    R1 NBR1
(3260) 2407  0010010000000111 ( 524)                 LD    R2 NBR2
(3261) 2808  0010100000001000 ( 525)                 LD    R4 NBR4
(3262) 2A08  0010101000001000 ( 526)                 LD    R5 NBR5
(3263) 2C08  0010110000001000 ( 527)                 LD    R6 NBR6
(3264) 2E08  0010111000001000 ( 528)                 LD    R7 NBR7
(3265) C1C0  1100000111000000 ( 531)                 RET   
(3266) 0000  0000000000000000 ( 534) NBR0            .FILL x0000
(3267) 0000  0000000000000000 ( 535) NBR1            .FILL x0000
(3268) 0000  0000000000000000 ( 536) NBR2            .FILL x0000
(3269) 0000  0000000000000000 ( 537) NBR3            .FILL x0000
(326A) 0000  0000000000000000 ( 538) NBR4            .FILL x0000
(326B) 0000  0000000000000000 ( 539) NBR5            .FILL x0000
(326C) 0000  0000000000000000 ( 540) NBR6            .FILL x0000
(326D) 0000  0000000000000000 ( 550) NBR7            .FILL x0000
(326E) 303D  0011000000111101 ( 550) GRIDA           .FILL x303D
(326F) 3047  0011000001000111 ( 551) ROW0A           .FILL x3047
(3270) 305B  0011000001011011 ( 552) ROW1A           .FILL x305B
(3271) 306F  0011000001101111 ( 553) ROW2A           .FILL x306F
(3272) 3083  0011000010000011 ( 554) ROW3A           .FILL x3083
(3273) 3E10  0011111000010000 ( 567) GRID_ADDRESS    ST    R7 R7VGA
(3274) 21FA  0010000111111010 ( 569)                 LD    R0 ROW0A
(3275) 1021  0001000000100001 ( 570)                 ADD   R0 R0 #1
(3276) 300C  0011000000001100 ( 572)                 ST    R0 R0VGA
(3277) 5020  0101000000100000 ( 575)                 AND   R0 R0 #0
(3278) 102A  0001000000101010 ( 576)                 ADD   R0 R0 #10
(3279) 102A  0001000000101010 ( 577)                 ADD   R0 R0 #10
(327A) 48FC  0100100011111100 ( 578)                 JSR   mulP
(327B) 5260  0101001001100000 ( 579)                 AND   R1 R1 #0
(327C) 1240  0001001001000000 ( 580)                 ADD   R1 R1 R0
(327D) 1482  0001010010000010 ( 583)                 ADD   R2 R2 R2
(327E) 2004  0010000000000100 ( 585)                 LD    R0 R0VGA
(327F) 1001  0001000000000001 ( 586)                 ADD   R0 R0 R1
(3280) 1002  0001000000000010 ( 587)                 ADD   R0 R0 R2
(3281) 2E02  0010111000000010 ( 590)                 LD    R7 R7VGA
(3282) C1C0  1100000111000000 ( 591)                 RET   
(3283) 0000  0000000000000000 ( 594) R0VGA           .FILL x0000
(3284) 0000  0000000000000000 ( 605) R7VGA           .FILL x0000
(3285) 000A  0000000000001010 ( 605) NLCHAR          .FILL x000A
(3286) 0020  0000000000100000 ( 607) EMPSTR          .FILL x0020
(3287) 0020  0000000000100000 ( 607)                 .FILL x0020
(3288) 0000  0000000000000000 ( 607)                 .FILL x0000
(3289) 0020  0000000000100000 ( 608) COLSTR          .FILL x0020
(328A) 0030  0000000000110000 ( 608)                 .FILL x0030
(328B) 0020  0000000000100000 ( 608)                 .FILL x0020
(328C) 0031  0000000000110001 ( 608)                 .FILL x0031
(328D) 0020  0000000000100000 ( 608)                 .FILL x0020
(328E) 0032  0000000000110010 ( 608)                 .FILL x0032
(328F) 0020  0000000000100000 ( 608)                 .FILL x0020
(3290) 0033  0000000000110011 ( 608)                 .FILL x0033
(3291) 0020  0000000000100000 ( 608)                 .FILL x0020
(3292) 0000  0000000000000000 ( 608)                 .FILL x0000
(3293) 0030  0000000000110000 ( 609) ROWSTR0         .FILL x0030
(3294) 0020  0000000000100000 ( 609)                 .FILL x0020
(3295) 0000  0000000000000000 ( 609)                 .FILL x0000
(3296) 0031  0000000000110001 ( 610) ROWSTR1         .FILL x0031
(3297) 0020  0000000000100000 ( 610)                 .FILL x0020
(3298) 0000  0000000000000000 ( 610)                 .FILL x0000
(3299) 0032  0000000000110010 ( 611) ROWSTR2         .FILL x0032
(329A) 0020  0000000000100000 ( 611)                 .FILL x0020
(329B) 0000  0000000000000000 ( 611)                 .FILL x0000
(329C) 0033  0000000000110011 ( 612) ROWSTR3         .FILL x0033
(329D) 0020  0000000000100000 ( 612)                 .FILL x0020
(329E) 0000  0000000000000000 ( 612)                 .FILL x0000
(329F) 3042  0011000001000010 ( 615) DISPLAY_BOARD   ST    R0 R0VDIS
(32A0) 3E42  0011111001000010 ( 616)                 ST    R7 R7VDIS
(32A1) 21E3  0010000111100011 ( 618)                 LD    R0 NLCHAR
(32A2) F021  1111000000100001 ( 619)                 TRAP  x21
(32A3) E1E2  1110000111100010 ( 621)                 LEA   R0 EMPSTR
(32A4) F022  1111000000100010 ( 622)                 TRAP  x22
(32A5) E1E3  1110000111100011 ( 624)                 LEA   R0 COLSTR
(32A6) F022  1111000000100010 ( 625)                 TRAP  x22
(32A7) 21DD  0010000111011101 ( 627)                 LD    R0 NLCHAR
(32A8) F021  1111000000100001 ( 628)                 TRAP  x21
(32A9) E1DC  1110000111011100 ( 630)                 LEA   R0 EMPSTR
(32AA) F022  1111000000100010 ( 631)                 TRAP  x22
(32AB) 21C2  0010000111000010 ( 633)                 LD    R0 GRIDA
(32AC) F022  1111000000100010 ( 634)                 TRAP  x22
(32AD) 21D7  0010000111010111 ( 636)                 LD    R0 NLCHAR
(32AE) F021  1111000000100001 ( 637)                 TRAP  x21
(32AF) E1E3  1110000111100011 ( 639)                 LEA   R0 ROWSTR0
(32B0) F022  1111000000100010 ( 640)                 TRAP  x22
(32B1) 21BD  0010000110111101 ( 642)                 LD    R0 ROW0A
(32B2) F022  1111000000100010 ( 643)                 TRAP  x22
(32B3) 21D1  0010000111010001 ( 645)                 LD    R0 NLCHAR
(32B4) F021  1111000000100001 ( 646)                 TRAP  x21
(32B5) E1D0  1110000111010000 ( 648)                 LEA   R0 EMPSTR
(32B6) F022  1111000000100010 ( 649)                 TRAP  x22
(32B7) 21B6  0010000110110110 ( 651)                 LD    R0 GRIDA
(32B8) F022  1111000000100010 ( 652)                 TRAP  x22
(32B9) 21CB  0010000111001011 ( 654)                 LD    R0 NLCHAR
(32BA) F021  1111000000100001 ( 655)                 TRAP  x21
(32BB) E1DA  1110000111011010 ( 657)                 LEA   R0 ROWSTR1
(32BC) F022  1111000000100010 ( 658)                 TRAP  x22
(32BD) 21B2  0010000110110010 ( 660)                 LD    R0 ROW1A
(32BE) F022  1111000000100010 ( 661)                 TRAP  x22
(32BF) 21C5  0010000111000101 ( 663)                 LD    R0 NLCHAR
(32C0) F021  1111000000100001 ( 664)                 TRAP  x21
(32C1) E1C4  1110000111000100 ( 666)                 LEA   R0 EMPSTR
(32C2) F022  1111000000100010 ( 667)                 TRAP  x22
(32C3) 21AA  0010000110101010 ( 669)                 LD    R0 GRIDA
(32C4) F022  1111000000100010 ( 670)                 TRAP  x22
(32C5) 21BF  0010000110111111 ( 672)                 LD    R0 NLCHAR
(32C6) F021  1111000000100001 ( 673)                 TRAP  x21
(32C7) E1D1  1110000111010001 ( 675)                 LEA   R0 ROWSTR2
(32C8) F022  1111000000100010 ( 676)                 TRAP  x22
(32C9) 21A7  0010000110100111 ( 678)                 LD    R0 ROW2A
(32CA) F022  1111000000100010 ( 679)                 TRAP  x22
(32CB) 21B9  0010000110111001 ( 681)                 LD    R0 NLCHAR
(32CC) F021  1111000000100001 ( 682)                 TRAP  x21
(32CD) E1B8  1110000110111000 ( 684)                 LEA   R0 EMPSTR
(32CE) F022  1111000000100010 ( 685)                 TRAP  x22
(32CF) 219E  0010000110011110 ( 687)                 LD    R0 GRIDA
(32D0) F022  1111000000100010 ( 688)                 TRAP  x22
(32D1) 21B3  0010000110110011 ( 690)                 LD    R0 NLCHAR
(32D2) F021  1111000000100001 ( 691)                 TRAP  x21
(32D3) E1C8  1110000111001000 ( 693)                 LEA   R0 ROWSTR3
(32D4) F022  1111000000100010 ( 694)                 TRAP  x22
(32D5) 219C  0010000110011100 ( 696)                 LD    R0 ROW3A
(32D6) F022  1111000000100010 ( 697)                 TRAP  x22
(32D7) 21AD  0010000110101101 ( 699)                 LD    R0 NLCHAR
(32D8) F021  1111000000100001 ( 700)                 TRAP  x21
(32D9) E1AC  1110000110101100 ( 702)                 LEA   R0 EMPSTR
(32DA) F022  1111000000100010 ( 703)                 TRAP  x22
(32DB) 2192  0010000110010010 ( 705)                 LD    R0 GRIDA
(32DC) F022  1111000000100010 ( 706)                 TRAP  x22
(32DD) 21A7  0010000110100111 ( 708)                 LD    R0 NLCHAR
(32DE) F021  1111000000100001 ( 709)                 TRAP  x21
(32DF) 2002  0010000000000010 ( 712)                 LD    R0 R0VDIS
(32E0) 2E02  0010111000000010 ( 713)                 LD    R7 R7VDIS
(32E1) C1C0  1100000111000000 ( 714)                 RET   
(32E2) 0000  0000000000000000 ( 716) R0VDIS          .FILL x0000
(32E3) 0000  0000000000000000 ( 735) R7VDIS          .FILL x0000
(32E4) 3042  0011000001000010 ( 736) LOAD_BOARD      ST    R0 R0VLB
(32E5) 3242  0011001001000010 ( 737)                 ST    R1 R1VLB
(32E6) 3443  0011010001000011 ( 738)                 ST    R2 R2VLB
(32E7) 3644  0011011001000100 ( 739)                 ST    R3 R3VLB
(32E8) 3844  0011100001000100 ( 740)                 ST    R4 R4VLB
(32E9) 3A44  0011101001000100 ( 741)                 ST    R5 R5VLB
(32EA) 3C44  0011110001000100 ( 742)                 ST    R6 R6VLB
(32EB) 3E44  0011111001000100 ( 743)                 ST    R7 R7VLB
(32EC) 5260  0101001001100000 ( 745)                 AND   R1 R1 #0
(32ED) 54A0  0101010010100000 ( 746)                 AND   R2 R2 #0
(32EE) 56E0  0101011011100000 ( 747)                 AND   R3 R3 #0
(32EF) 5920  0101100100100000 ( 748)                 AND   R4 R4 #0
(32F0) 5B60  0101101101100000 ( 749)                 AND   R5 R5 #0
(32F1) 5DA0  0101110110100000 ( 750)                 AND   R6 R6 #0
(32F2) 5FE0  0101111111100000 ( 751)                 AND   R7 R7 #0
(32F3) 54A0  0101010010100000 ( 756) lprowLB         AND   R2 R2 #0
(32F4) 3032  0011000000110010 ( 759) lpcolLB         ST    R0 R0VLB
(32F5) 3233  0011001000110011 ( 760)                 ST    R1 R1VLB1
(32F6) 3434  0011010000110100 ( 761)                 ST    R2 R2VLB1
(32F7) 4F7B  0100111101111011 ( 763)                 JSR   GRID_ADDRESS
(32F8) 56E0  0101011011100000 ( 765)                 AND   R3 R3 #0
(32F9) 16C0  0001011011000000 ( 766)                 ADD   R3 R3 R0
(32FA) 202C  0010000000101100 ( 769)                 LD    R0 R0VLB
(32FB) 222D  0010001000101101 ( 770)                 LD    R1 R1VLB1
(32FC) 242E  0010010000101110 ( 771)                 LD    R2 R2VLB1
(32FD) 4833  0100100000110011 ( 773)                 JSR   COUNT_BOMBS
(32FE) 5920  0101100100100000 ( 775)                 AND   R4 R4 #0
(32FF) 1020  0001000000100000 ( 777)                 ADD   R0 R0 #0
(3300) 0205  0000001000000101 ( 778)                 BRP   notbLB
(3301) 040A  0000010000001010 ( 779)                 BRZ   eLB
(3302) 192F  0001100100101111 ( 781)                 ADD   R4 R4 #15
(3303) 192F  0001100100101111 ( 782)                 ADD   R4 R4 #15
(3304) 192C  0001100100101100 ( 783)                 ADD   R4 R4 #12
(3305) 0E0A  0000111000001010 ( 784)                 BRNZP writeLB
(3306) 192F  0001100100101111 ( 788) notbLB          ADD   R4 R4 #15
(3307) 192F  0001100100101111 ( 789)                 ADD   R4 R4 #15
(3308) 192F  0001100100101111 ( 790)                 ADD   R4 R4 #15
(3309) 1923  0001100100100011 ( 791)                 ADD   R4 R4 #3
(330A) 1900  0001100100000000 ( 793)                 ADD   R4 R4 R0
(330B) 0E04  0000111000000100 ( 795)                 BRNZP writeLB
(330C) 192F  0001100100101111 ( 798) eLB             ADD   R4 R4 #15
(330D) 192F  0001100100101111 ( 799)                 ADD   R4 R4 #15
(330E) 1922  0001100100100010 ( 800)                 ADD   R4 R4 #2
(330F) 0E00  0000111000000000 ( 802)                 BRNZP writeLB
(3310) 78C0  0111100011000000 ( 806) writeLB         STR   R4 R3 #0
(3311) 2015  0010000000010101 ( 808)                 LD    R0 R0VLB
(3312) 2216  0010001000010110 ( 810)                 LD    R1 R1VLB1
(3313) 2417  0010010000010111 ( 811)                 LD    R2 R2VLB1
(3314) 14A1  0001010010100001 ( 813)                 ADD   R2 R2 #1
(3315) 14BC  0001010010111100 ( 814)                 ADD   R2 R2 #-4
(3316) 0402  0000010000000010 ( 815)                 BRZ   endcLB
(3317) 14A4  0001010010100100 ( 816)                 ADD   R2 R2 #4
(3318) 0FDB  0000111111011011 ( 817)                 BRNZP lpcolLB
(3319) 1261  0001001001100001 ( 820) endcLB          ADD   R1 R1 #1
(331A) 127C  0001001001111100 ( 822)                 ADD   R1 R1 #-4
(331B) 0402  0000010000000010 ( 823)                 BRZ   endrLB
(331C) 1264  0001001001100100 ( 824)                 ADD   R1 R1 #4
(331D) 0FD5  0000111111010101 ( 825)                 BRNZP lprowLB
(331E) 2008  0010000000001000 ( 831) endrLB          LD    R0 R0VLB
(331F) 2208  0010001000001000 ( 832)                 LD    R1 R1VLB
(3320) 2409  0010010000001001 ( 833)                 LD    R2 R2VLB
(3321) 260A  0010011000001010 ( 834)                 LD    R3 R3VLB
(3322) 280A  0010100000001010 ( 835)                 LD    R4 R4VLB
(3323) 2A0A  0010101000001010 ( 836)                 LD    R5 R5VLB
(3324) 2C0A  0010110000001010 ( 837)                 LD    R6 R6VLB
(3325) 2E0A  0010111000001010 ( 838)                 LD    R7 R7VLB
(3326) C1C0  1100000111000000 ( 840)                 RET   
(3327) 0000  0000000000000000 ( 843) R0VLB           .FILL x0000
(3328) 0000  0000000000000000 ( 844) R1VLB           .FILL x0000
(3329) 0000  0000000000000000 ( 845) R1VLB1          .FILL x0000
(332A) 0000  0000000000000000 ( 846) R2VLB           .FILL x0000
(332B) 0000  0000000000000000 ( 847) R2VLB1          .FILL x0000
(332C) 0000  0000000000000000 ( 848) R3VLB           .FILL x0000
(332D) 0000  0000000000000000 ( 849) R4VLB           .FILL x0000
(332E) 0000  0000000000000000 ( 850) R5VLB           .FILL x0000
(332F) 0000  0000000000000000 ( 851) R6VLB           .FILL x0000
(3330) 0000  0000000000000000 ( 876) R7VLB           .FILL x0000
(3331) 303D  0011000000111101 ( 877) COUNT_BOMBS     ST    R0 R0VCB
(3332) 323D  0011001000111101 ( 878)                 ST    R1 R1VCB
(3333) 343D  0011010000111101 ( 879)                 ST    R2 R2VCB
(3334) 363D  0011011000111101 ( 880)                 ST    R3 R3VCB
(3335) 383D  0011100000111101 ( 881)                 ST    R4 R4VCB
(3336) 3A3D  0011101000111101 ( 882)                 ST    R5 R5VCB
(3337) 3C3D  0011110000111101 ( 883)                 ST    R6 R6VCB
(3338) 3E3D  0011111000111101 ( 884)                 ST    R7 R7VCB
(3339) 56E0  0101011011100000 ( 886)                 AND   R3 R3 #0
(333A) 5920  0101100100100000 ( 887)                 AND   R4 R4 #0
(333B) 5B60  0101101101100000 ( 888)                 AND   R5 R5 #0
(333C) 5DA0  0101110110100000 ( 889)                 AND   R6 R6 #0
(333D) 5FE0  0101111111100000 ( 890)                 AND   R7 R7 #0
(333E) 1020  0001000000100000 ( 893) loopCB          ADD   R0 R0 #0
(333F) 0425  0000010000100101 ( 894)                 BRZ   dCB
(3340) 6600  0110011000000000 ( 896)                 LDR   R3 R0 #0
(3341) 6801  0110100000000001 ( 897)                 LDR   R4 R0 #1
(3342) 96FF  1001011011111111 ( 899)                 NOT   R3 R3
(3343) 16E1  0001011011100001 ( 900)                 ADD   R3 R3 #1
(3344) 993F  1001100100111111 ( 902)                 NOT   R4 R4
(3345) 1921  0001100100100001 ( 903)                 ADD   R4 R4 #1
(3346) 1643  0001011001000011 ( 905)                 ADD   R3 R1 R3
(3347) 1884  0001100010000100 ( 906)                 ADD   R4 R2 R4
(3348) 3026  0011000000100110 ( 908)                 ST    R0 R0VCB
(3349) 3226  0011001000100110 ( 909)                 ST    R1 R1VCB
(334A) 3426  0011010000100110 ( 910)                 ST    R2 R2VCB
(334B) 5020  0101000000100000 ( 912)                 AND   R0 R0 #0
(334C) 10E0  0001000011100000 ( 913)                 ADD   R0 R3 #0
(334D) 5260  0101001001100000 ( 914)                 AND   R1 R1 #0
(334E) 1320  0001001100100000 ( 915)                 ADD   R1 R4 #0
(334F) 483D  0100100000111101 ( 917)                 JSR   sgnP
(3350) 56E0  0101011011100000 ( 919)                 AND   R3 R3 #0
(3351) 1620  0001011000100000 ( 920)                 ADD   R3 R0 #0
(3352) 5920  0101100100100000 ( 921)                 AND   R4 R4 #0
(3353) 1860  0001100001100000 ( 922)                 ADD   R4 R1 #0
(3354) 201A  0010000000011010 ( 924)                 LD    R0 R0VCB
(3355) 221A  0010001000011010 ( 925)                 LD    R1 R1VCB
(3356) 241A  0010010000011010 ( 926)                 LD    R2 R2VCB
(3357) 16E0  0001011011100000 ( 932)                 ADD   R3 R3 #0
(3358) 0A05  0000101000000101 ( 933)                 BRNP  notbCB
(3359) 1920  0001100100100000 ( 934)                 ADD   R4 R4 #0
(335A) 0A03  0000101000000011 ( 935)                 BRNP  notbCB
(335B) 5B60  0101101101100000 ( 937)                 AND   R5 R5 #0
(335C) 1B7F  0001101101111111 ( 938)                 ADD   R5 R5 #-1
(335D) 0E07  0000111000000111 ( 939)                 BRNZP dCB
(335E) 16FE  0001011011111110 ( 943) notbCB          ADD   R3 R3 #-2
(335F) 0603  0000011000000011 ( 944)                 BRZP  notnCB
(3360) 193E  0001100100111110 ( 945)                 ADD   R4 R4 #-2
(3361) 0601  0000011000000001 ( 946)                 BRZP  notnCB
(3362) 1B61  0001101101100001 ( 948)                 ADD   R5 R5 #1
(3363) 6002  0110000000000010 ( 952) notnCB          LDR   R0 R0 #2
(3364) 0FD9  0000111111011001 ( 953)                 BRNZP loopCB
(3365) 5020  0101000000100000 ( 956) dCB             AND   R0 R0 #0
(3366) 1160  0001000101100000 ( 957)                 ADD   R0 R5 #0
(3367) 2208  0010001000001000 ( 959)                 LD    R1 R1VCB
(3368) 2408  0010010000001000 ( 960)                 LD    R2 R2VCB
(3369) 2608  0010011000001000 ( 961)                 LD    R3 R3VCB
(336A) 2808  0010100000001000 ( 962)                 LD    R4 R4VCB
(336B) 2A08  0010101000001000 ( 963)                 LD    R5 R5VCB
(336C) 2C08  0010110000001000 ( 964)                 LD    R6 R6VCB
(336D) 2E08  0010111000001000 ( 965)                 LD    R7 R7VCB
(336E) C1C0  1100000111000000 ( 967)                 RET   
(336F) 0000  0000000000000000 ( 970) R0VCB           .FILL x0000
(3370) 0000  0000000000000000 ( 971) R1VCB           .FILL x0000
(3371) 0000  0000000000000000 ( 972) R2VCB           .FILL x0000
(3372) 0000  0000000000000000 ( 973) R3VCB           .FILL x0000
(3373) 0000  0000000000000000 ( 974) R4VCB           .FILL x0000
(3374) 0000  0000000000000000 ( 975) R5VCB           .FILL x0000
(3375) 0000  0000000000000000 ( 976) R6VCB           .FILL x0000
(3376) 0000  0000000000000000 ( 984) R7VCB           .FILL x0000
(3377) 3412  0011010000010010 ( 985) mulP            ST    R2 R2VMUL
(3378) 3612  0011011000010010 ( 986)                 ST    R3 R3VMUL
(3379) 3E12  0011111000010010 ( 987)                 ST    R7 R7VMUL
(337A) 4812  0100100000010010 ( 988)                 JSR   sgnP
(337B) 1620  0001011000100000 ( 993) mulret          ADD   R3 R0 #0
(337C) 5020  0101000000100000 ( 994)                 AND   R0 R0 #0
(337D) 1260  0001001001100000 ( 998) loopmul         ADD   R1 R1 #0
(337E) 0403  0000010000000011 ( 999)                 BRZ   dmul1
(337F) 1003  0001000000000011 (1001)                 ADD   R0 R0 R3
(3380) 127F  0001001001111111 (1002)                 ADD   R1 R1 #-1
(3381) 0FFB  0000111111111011 (1004)                 BRNZP loopmul
(3382) 14A0  0001010010100000 (1007) dmul1           ADD   R2 R2 #0
(3383) 0402  0000010000000010 (1008)                 BRZ   dmul
(3384) 903F  1001000000111111 (1010)                 NOT   R0 R0
(3385) 1021  0001000000100001 (1011)                 ADD   R0 R0 #1
(3386) 2403  0010010000000011 (1014) dmul            LD    R2 R2VMUL
(3387) 2603  0010011000000011 (1015)                 LD    R3 R3VMUL
(3388) 2E03  0010111000000011 (1016)                 LD    R7 R7VMUL
(3389) C1C0  1100000111000000 (1017)                 RET   
(338A) 0000  0000000000000000 (1020) R2VMUL          .FILL x0000
(338B) 0000  0000000000000000 (1021) R3VMUL          .FILL x0000
(338C) 0000  0000000000000000 (1031) R7VMUL          .FILL x0000
(338D) 54A0  0101010010100000 (1032) sgnP            AND   R2 R2 #0
(338E) 1020  0001000000100000 (1034)                 ADD   R0 R0 #0
(338F) 0603  0000011000000011 (1035)                 BRZP  skpsgn1
(3390) 14A1  0001010010100001 (1036)                 ADD   R2 R2 #1
(3391) 103F  0001000000111111 (1037)                 ADD   R0 R0 #-1
(3392) 903F  1001000000111111 (1038)                 NOT   R0 R0
(3393) 1260  0001001001100000 (1040) skpsgn1         ADD   R1 R1 #0
(3394) 0603  0000011000000011 (1041)                 BRZP  skpsgn2
(3395) 14A1  0001010010100001 (1042)                 ADD   R2 R2 #1
(3396) 127F  0001001001111111 (1043)                 ADD   R1 R1 #-1
(3397) 927F  1001001001111111 (1044)                 NOT   R1 R1
(3398) 14BF  0001010010111111 (1046) skpsgn2         ADD   R2 R2 #-1
(3399) 14A0  0001010010100000 (1050)                 ADD   R2 R2 #0
(339A) 0A01  0000101000000001 (1051)                 BRNP  sgn0
(339B) 0402  0000010000000010 (1052)                 BRZ   sgn1
(339C) 54A0  0101010010100000 (1054) sgn0            AND   R2 R2 #0
(339D) 0E03  0000111000000011 (1055)                 BRNZP dsgn
(339E) 54A0  0101010010100000 (1057) sgn1            AND   R2 R2 #0
(339F) 14A1  0001010010100001 (1058)                 ADD   R2 R2 #1
(33A0) 0E00  0000111000000000 (1059)                 BRNZP dsgn
(33A1) C1C0  1100000111000000 (1061) dsgn            RET   
